{"timestamp":"2025-10-06 17:02:36,462","level":"INFO ","thread":"http-nio-8081-exec-1","logger":"o.a.c.c.C.[Tomcat].[localhost].[/]","message":"Initializing Spring DispatcherServlet 'dispatcherServlet'","exception":"","service":"auth-service"}
{"timestamp":"2025-10-06 17:02:36,516","level":"INFO ","thread":"http-nio-8081-exec-1","logger":"o.s.web.servlet.DispatcherServlet","message":"Initializing Servlet 'dispatcherServlet'","exception":"","service":"auth-service"}
{"timestamp":"2025-10-06 17:02:36,577","level":"INFO ","thread":"http-nio-8081-exec-1","logger":"o.s.web.servlet.DispatcherServlet","message":"Completed initialization in 60 ms","exception":"","service":"auth-service"}
{"timestamp":"2025-10-06 18:35:45,793","level":"INFO ","thread":"SpringApplicationShutdownHook","logger":"o.s.b.w.embedded.tomcat.GracefulShutdown","message":"Commencing graceful shutdown. Waiting for active requests to complete","exception":"","service":"auth-service"}
{"timestamp":"2025-10-06 18:35:45,798","level":"INFO ","thread":"tomcat-shutdown","logger":"o.s.b.w.embedded.tomcat.GracefulShutdown","message":"Graceful shutdown complete","exception":"","service":"auth-service"}
{"timestamp":"2025-10-06 18:35:45,821","level":"INFO ","thread":"SpringApplicationShutdownHook","logger":"o.s.o.j.LocalContainerEntityManagerFactoryBean","message":"Closing JPA EntityManagerFactory for persistence unit 'default'","exception":"","service":"auth-service"}
{"timestamp":"2025-10-06 18:35:45,844","level":"INFO ","thread":"SpringApplicationShutdownHook","logger":"com.zaxxer.hikari.HikariDataSource","message":"HikariPool-1 - Shutdown initiated...","exception":"","service":"auth-service"}
{"timestamp":"2025-10-06 18:35:45,852","level":"INFO ","thread":"SpringApplicationShutdownHook","logger":"com.zaxxer.hikari.HikariDataSource","message":"HikariPool-1 - Shutdown completed.","exception":"","service":"auth-service"}
{"timestamp":"2025-10-06 18:37:39,040","level":"INFO ","thread":"main","logger":"com.renter.auth.AuthServiceApplication","message":"Starting AuthServiceApplication v0.0.1-SNAPSHOT using Java 21 with PID 1 (/app/app.jar started by spring in /app)","exception":"","service":"auth-service"}
{"timestamp":"2025-10-06 18:37:39,042","level":"INFO ","thread":"main","logger":"com.renter.auth.AuthServiceApplication","message":"The following 1 profile is active: \"local\"","exception":"","service":"auth-service"}
{"timestamp":"2025-10-06 18:37:42,281","level":"INFO ","thread":"main","logger":"o.s.d.r.c.RepositoryConfigurationDelegate","message":"Bootstrapping Spring Data JPA repositories in DEFAULT mode.","exception":"","service":"auth-service"}
{"timestamp":"2025-10-06 18:37:42,439","level":"INFO ","thread":"main","logger":"o.s.d.r.c.RepositoryConfigurationDelegate","message":"Finished Spring Data repository scanning in 135 ms. Found 1 JPA repository interface.","exception":"","service":"auth-service"}
{"timestamp":"2025-10-06 18:37:44,593","level":"INFO ","thread":"main","logger":"o.s.b.w.embedded.tomcat.TomcatWebServer","message":"Tomcat initialized with port 8081 (http)","exception":"","service":"auth-service"}
{"timestamp":"2025-10-06 18:37:44,630","level":"INFO ","thread":"main","logger":"o.apache.coyote.http11.Http11NioProtocol","message":"Initializing ProtocolHandler [\"http-nio-8081\"]","exception":"","service":"auth-service"}
{"timestamp":"2025-10-06 18:37:44,638","level":"INFO ","thread":"main","logger":"o.apache.catalina.core.StandardService","message":"Starting service [Tomcat]","exception":"","service":"auth-service"}
{"timestamp":"2025-10-06 18:37:44,638","level":"INFO ","thread":"main","logger":"org.apache.catalina.core.StandardEngine","message":"Starting Servlet engine: [Apache Tomcat/10.1.33]","exception":"","service":"auth-service"}
{"timestamp":"2025-10-06 18:37:44,722","level":"INFO ","thread":"main","logger":"o.a.c.c.C.[Tomcat].[localhost].[/]","message":"Initializing Spring embedded WebApplicationContext","exception":"","service":"auth-service"}
{"timestamp":"2025-10-06 18:37:44,723","level":"INFO ","thread":"main","logger":"o.s.b.w.s.c.ServletWebServerApplicationContext","message":"Root WebApplicationContext: initialization completed in 5532 ms","exception":"","service":"auth-service"}
{"timestamp":"2025-10-06 18:37:46,466","level":"INFO ","thread":"main","logger":"com.zaxxer.hikari.HikariDataSource","message":"HikariPool-1 - Starting...","exception":"","service":"auth-service"}
{"timestamp":"2025-10-06 18:37:46,917","level":"INFO ","thread":"main","logger":"com.zaxxer.hikari.pool.HikariPool","message":"HikariPool-1 - Added connection org.postgresql.jdbc.PgConnection@485c84d7","exception":"","service":"auth-service"}
{"timestamp":"2025-10-06 18:37:46,927","level":"INFO ","thread":"main","logger":"com.zaxxer.hikari.HikariDataSource","message":"HikariPool-1 - Start completed.","exception":"","service":"auth-service"}
{"timestamp":"2025-10-06 18:37:47,014","level":"INFO ","thread":"main","logger":"org.flywaydb.core.FlywayExecutor","message":"Database: jdbc:postgresql://postgres-user:5432/user_db (PostgreSQL 15.14)","exception":"","service":"auth-service"}
{"timestamp":"2025-10-06 18:37:47,156","level":"INFO ","thread":"main","logger":"o.f.core.internal.command.DbValidate","message":"Successfully validated 2 migrations (execution time 00:00.063s)","exception":"","service":"auth-service"}
{"timestamp":"2025-10-06 18:37:47,185","level":"INFO ","thread":"main","logger":"o.f.core.internal.command.DbMigrate","message":"Current version of schema \"public\": 1","exception":"","service":"auth-service"}
{"timestamp":"2025-10-06 18:37:47,197","level":"INFO ","thread":"main","logger":"o.f.core.internal.command.DbMigrate","message":"Schema \"public\" is up to date. No migration necessary.","exception":"","service":"auth-service"}
{"timestamp":"2025-10-06 18:37:47,518","level":"INFO ","thread":"main","logger":"o.hibernate.jpa.internal.util.LogHelper","message":"HHH000204: Processing PersistenceUnitInfo [name: default]","exception":"","service":"auth-service"}
{"timestamp":"2025-10-06 18:37:47,665","level":"INFO ","thread":"main","logger":"org.hibernate.Version","message":"HHH000412: Hibernate ORM core version 6.6.2.Final","exception":"","service":"auth-service"}
{"timestamp":"2025-10-06 18:37:47,747","level":"INFO ","thread":"main","logger":"o.h.c.internal.RegionFactoryInitiator","message":"HHH000026: Second-level cache disabled","exception":"","service":"auth-service"}
{"timestamp":"2025-10-06 18:37:48,248","level":"INFO ","thread":"main","logger":"o.s.o.j.p.SpringPersistenceUnitInfo","message":"No LoadTimeWeaver setup: ignoring JPA class transformer","exception":"","service":"auth-service"}
{"timestamp":"2025-10-06 18:37:48,307","level":"WARN ","thread":"main","logger":"org.hibernate.orm.deprecation","message":"HHH90000025: PostgreSQLDialect does not need to be specified explicitly using 'hibernate.dialect' (remove the property setting and it will be selected by default)","exception":"","service":"auth-service"}
{"timestamp":"2025-10-06 18:37:48,321","level":"INFO ","thread":"main","logger":"org.hibernate.orm.connections.pooling","message":"HHH10001005: Database info:\n	Database JDBC URL [Connecting through datasource 'HikariDataSource (HikariPool-1)']\n	Database driver: undefined/unknown\n	Database version: 15.14\n	Autocommit mode: undefined/unknown\n	Isolation level: undefined/unknown\n	Minimum pool size: undefined/unknown\n	Maximum pool size: undefined/unknown","exception":"","service":"auth-service"}
{"timestamp":"2025-10-06 18:37:49,791","level":"INFO ","thread":"main","logger":"o.h.e.t.j.p.i.JtaPlatformInitiator","message":"HHH000489: No JTA platform available (set 'hibernate.transaction.jta.platform' to enable JTA platform integration)","exception":"","service":"auth-service"}
{"timestamp":"2025-10-06 18:37:49,833","level":"INFO ","thread":"main","logger":"o.s.o.j.LocalContainerEntityManagerFactoryBean","message":"Initialized JPA EntityManagerFactory for persistence unit 'default'","exception":"","service":"auth-service"}
{"timestamp":"2025-10-06 18:37:50,912","level":"WARN ","thread":"main","logger":"o.s.b.a.o.j.JpaBaseConfiguration$JpaWebConfiguration","message":"spring.jpa.open-in-view is enabled by default. Therefore, database queries may be performed during view rendering. Explicitly configure spring.jpa.open-in-view to disable this warning","exception":"","service":"auth-service"}
{"timestamp":"2025-10-06 18:37:51,458","level":"INFO ","thread":"main","logger":"o.s.b.a.e.web.EndpointLinksResolver","message":"Exposing 1 endpoint beneath base path '/actuator'","exception":"","service":"auth-service"}
{"timestamp":"2025-10-06 18:37:52,056","level":"INFO ","thread":"main","logger":"o.apache.coyote.http11.Http11NioProtocol","message":"Starting ProtocolHandler [\"http-nio-8081\"]","exception":"","service":"auth-service"}
{"timestamp":"2025-10-06 18:37:52,071","level":"INFO ","thread":"main","logger":"o.s.b.w.embedded.tomcat.TomcatWebServer","message":"Tomcat started on port 8081 (http) with context path '/'","exception":"","service":"auth-service"}
{"timestamp":"2025-10-06 18:37:52,090","level":"INFO ","thread":"main","logger":"com.renter.auth.AuthServiceApplication","message":"Started AuthServiceApplication in 14.445 seconds (process running for 16.366)","exception":"","service":"auth-service"}
{"timestamp":"2025-10-06 18:37:59,406","level":"INFO ","thread":"http-nio-8081-exec-1","logger":"o.a.c.c.C.[Tomcat].[localhost].[/]","message":"Initializing Spring DispatcherServlet 'dispatcherServlet'","exception":"","service":"auth-service"}
{"timestamp":"2025-10-06 18:37:59,406","level":"INFO ","thread":"http-nio-8081-exec-1","logger":"o.s.web.servlet.DispatcherServlet","message":"Initializing Servlet 'dispatcherServlet'","exception":"","service":"auth-service"}
{"timestamp":"2025-10-06 18:37:59,407","level":"INFO ","thread":"http-nio-8081-exec-1","logger":"o.s.web.servlet.DispatcherServlet","message":"Completed initialization in 1 ms","exception":"","service":"auth-service"}
{"timestamp":"2025-10-06 18:50:35,311","level":"INFO ","thread":"SpringApplicationShutdownHook","logger":"o.s.b.w.embedded.tomcat.GracefulShutdown","message":"Commencing graceful shutdown. Waiting for active requests to complete","exception":"","service":"auth-service"}
{"timestamp":"2025-10-06 18:50:35,316","level":"INFO ","thread":"tomcat-shutdown","logger":"o.s.b.w.embedded.tomcat.GracefulShutdown","message":"Graceful shutdown complete","exception":"","service":"auth-service"}
{"timestamp":"2025-10-06 18:50:35,331","level":"INFO ","thread":"SpringApplicationShutdownHook","logger":"o.s.o.j.LocalContainerEntityManagerFactoryBean","message":"Closing JPA EntityManagerFactory for persistence unit 'default'","exception":"","service":"auth-service"}
{"timestamp":"2025-10-06 18:50:35,338","level":"INFO ","thread":"SpringApplicationShutdownHook","logger":"com.zaxxer.hikari.HikariDataSource","message":"HikariPool-1 - Shutdown initiated...","exception":"","service":"auth-service"}
{"timestamp":"2025-10-06 18:50:35,362","level":"INFO ","thread":"SpringApplicationShutdownHook","logger":"com.zaxxer.hikari.HikariDataSource","message":"HikariPool-1 - Shutdown completed.","exception":"","service":"auth-service"}
{"timestamp":"2025-10-06 18:52:01,775","level":"INFO ","thread":"main","logger":"com.renter.auth.AuthServiceApplication","message":"Starting AuthServiceApplication v0.0.1-SNAPSHOT using Java 21 with PID 1 (/app/app.jar started by spring in /app)","exception":"","service":"auth-service"}
{"timestamp":"2025-10-06 18:52:01,782","level":"INFO ","thread":"main","logger":"com.renter.auth.AuthServiceApplication","message":"The following 1 profile is active: \"local\"","exception":"","service":"auth-service"}
{"timestamp":"2025-10-06 18:52:05,677","level":"INFO ","thread":"main","logger":"o.s.d.r.c.RepositoryConfigurationDelegate","message":"Bootstrapping Spring Data JPA repositories in DEFAULT mode.","exception":"","service":"auth-service"}
{"timestamp":"2025-10-06 18:52:05,953","level":"INFO ","thread":"main","logger":"o.s.d.r.c.RepositoryConfigurationDelegate","message":"Finished Spring Data repository scanning in 226 ms. Found 1 JPA repository interface.","exception":"","service":"auth-service"}
{"timestamp":"2025-10-06 18:52:08,410","level":"INFO ","thread":"main","logger":"o.s.b.w.embedded.tomcat.TomcatWebServer","message":"Tomcat initialized with port 8081 (http)","exception":"","service":"auth-service"}
{"timestamp":"2025-10-06 18:52:08,443","level":"INFO ","thread":"main","logger":"o.apache.coyote.http11.Http11NioProtocol","message":"Initializing ProtocolHandler [\"http-nio-8081\"]","exception":"","service":"auth-service"}
{"timestamp":"2025-10-06 18:52:08,447","level":"INFO ","thread":"main","logger":"o.apache.catalina.core.StandardService","message":"Starting service [Tomcat]","exception":"","service":"auth-service"}
{"timestamp":"2025-10-06 18:52:08,448","level":"INFO ","thread":"main","logger":"org.apache.catalina.core.StandardEngine","message":"Starting Servlet engine: [Apache Tomcat/10.1.33]","exception":"","service":"auth-service"}
{"timestamp":"2025-10-06 18:52:08,549","level":"INFO ","thread":"main","logger":"o.a.c.c.C.[Tomcat].[localhost].[/]","message":"Initializing Spring embedded WebApplicationContext","exception":"","service":"auth-service"}
{"timestamp":"2025-10-06 18:52:08,552","level":"INFO ","thread":"main","logger":"o.s.b.w.s.c.ServletWebServerApplicationContext","message":"Root WebApplicationContext: initialization completed in 6525 ms","exception":"","service":"auth-service"}
{"timestamp":"2025-10-06 18:52:10,043","level":"INFO ","thread":"main","logger":"com.zaxxer.hikari.HikariDataSource","message":"HikariPool-1 - Starting...","exception":"","service":"auth-service"}
{"timestamp":"2025-10-06 18:52:10,572","level":"INFO ","thread":"main","logger":"com.zaxxer.hikari.pool.HikariPool","message":"HikariPool-1 - Added connection org.postgresql.jdbc.PgConnection@5c4714ef","exception":"","service":"auth-service"}
{"timestamp":"2025-10-06 18:52:10,577","level":"INFO ","thread":"main","logger":"com.zaxxer.hikari.HikariDataSource","message":"HikariPool-1 - Start completed.","exception":"","service":"auth-service"}
{"timestamp":"2025-10-06 18:52:10,699","level":"INFO ","thread":"main","logger":"org.flywaydb.core.FlywayExecutor","message":"Database: jdbc:postgresql://postgres-user:5432/user_db (PostgreSQL 15.14)","exception":"","service":"auth-service"}
{"timestamp":"2025-10-06 18:52:10,837","level":"INFO ","thread":"main","logger":"o.f.core.internal.command.DbValidate","message":"Successfully validated 2 migrations (execution time 00:00.084s)","exception":"","service":"auth-service"}
{"timestamp":"2025-10-06 18:52:10,878","level":"INFO ","thread":"main","logger":"o.f.core.internal.command.DbMigrate","message":"Current version of schema \"public\": 1","exception":"","service":"auth-service"}
{"timestamp":"2025-10-06 18:52:10,883","level":"INFO ","thread":"main","logger":"o.f.core.internal.command.DbMigrate","message":"Schema \"public\" is up to date. No migration necessary.","exception":"","service":"auth-service"}
{"timestamp":"2025-10-06 18:52:11,265","level":"INFO ","thread":"main","logger":"o.hibernate.jpa.internal.util.LogHelper","message":"HHH000204: Processing PersistenceUnitInfo [name: default]","exception":"","service":"auth-service"}
{"timestamp":"2025-10-06 18:52:11,411","level":"INFO ","thread":"main","logger":"org.hibernate.Version","message":"HHH000412: Hibernate ORM core version 6.6.2.Final","exception":"","service":"auth-service"}
{"timestamp":"2025-10-06 18:52:11,484","level":"INFO ","thread":"main","logger":"o.h.c.internal.RegionFactoryInitiator","message":"HHH000026: Second-level cache disabled","exception":"","service":"auth-service"}
{"timestamp":"2025-10-06 18:52:11,884","level":"INFO ","thread":"main","logger":"o.s.o.j.p.SpringPersistenceUnitInfo","message":"No LoadTimeWeaver setup: ignoring JPA class transformer","exception":"","service":"auth-service"}
{"timestamp":"2025-10-06 18:52:11,953","level":"WARN ","thread":"main","logger":"org.hibernate.orm.deprecation","message":"HHH90000025: PostgreSQLDialect does not need to be specified explicitly using 'hibernate.dialect' (remove the property setting and it will be selected by default)","exception":"","service":"auth-service"}
{"timestamp":"2025-10-06 18:52:11,966","level":"INFO ","thread":"main","logger":"org.hibernate.orm.connections.pooling","message":"HHH10001005: Database info:\n	Database JDBC URL [Connecting through datasource 'HikariDataSource (HikariPool-1)']\n	Database driver: undefined/unknown\n	Database version: 15.14\n	Autocommit mode: undefined/unknown\n	Isolation level: undefined/unknown\n	Minimum pool size: undefined/unknown\n	Maximum pool size: undefined/unknown","exception":"","service":"auth-service"}
{"timestamp":"2025-10-06 18:52:12,738","level":"INFO ","thread":"main","logger":"o.h.e.t.j.p.i.JtaPlatformInitiator","message":"HHH000489: No JTA platform available (set 'hibernate.transaction.jta.platform' to enable JTA platform integration)","exception":"","service":"auth-service"}
{"timestamp":"2025-10-06 18:52:12,780","level":"INFO ","thread":"main","logger":"o.s.o.j.LocalContainerEntityManagerFactoryBean","message":"Initialized JPA EntityManagerFactory for persistence unit 'default'","exception":"","service":"auth-service"}
{"timestamp":"2025-10-06 18:52:13,817","level":"WARN ","thread":"main","logger":"o.s.b.a.o.j.JpaBaseConfiguration$JpaWebConfiguration","message":"spring.jpa.open-in-view is enabled by default. Therefore, database queries may be performed during view rendering. Explicitly configure spring.jpa.open-in-view to disable this warning","exception":"","service":"auth-service"}
{"timestamp":"2025-10-06 18:52:14,508","level":"INFO ","thread":"main","logger":"o.s.b.a.e.web.EndpointLinksResolver","message":"Exposing 1 endpoint beneath base path '/actuator'","exception":"","service":"auth-service"}
{"timestamp":"2025-10-06 18:52:15,175","level":"INFO ","thread":"main","logger":"o.apache.coyote.http11.Http11NioProtocol","message":"Starting ProtocolHandler [\"http-nio-8081\"]","exception":"","service":"auth-service"}
{"timestamp":"2025-10-06 18:52:15,188","level":"INFO ","thread":"main","logger":"o.s.b.w.embedded.tomcat.TomcatWebServer","message":"Tomcat started on port 8081 (http) with context path '/'","exception":"","service":"auth-service"}
{"timestamp":"2025-10-06 18:52:15,204","level":"INFO ","thread":"main","logger":"com.renter.auth.AuthServiceApplication","message":"Started AuthServiceApplication in 15.75 seconds (process running for 18.502)","exception":"","service":"auth-service"}
{"timestamp":"2025-10-06 18:52:18,301","level":"INFO ","thread":"http-nio-8081-exec-1","logger":"o.a.c.c.C.[Tomcat].[localhost].[/]","message":"Initializing Spring DispatcherServlet 'dispatcherServlet'","exception":"","service":"auth-service"}
{"timestamp":"2025-10-06 18:52:18,301","level":"INFO ","thread":"http-nio-8081-exec-1","logger":"o.s.web.servlet.DispatcherServlet","message":"Initializing Servlet 'dispatcherServlet'","exception":"","service":"auth-service"}
{"timestamp":"2025-10-06 18:52:18,303","level":"INFO ","thread":"http-nio-8081-exec-1","logger":"o.s.web.servlet.DispatcherServlet","message":"Completed initialization in 2 ms","exception":"","service":"auth-service"}
{"timestamp":"2025-10-06 18:53:59,822","level":"INFO ","thread":"SpringApplicationShutdownHook","logger":"o.s.b.w.embedded.tomcat.GracefulShutdown","message":"Commencing graceful shutdown. Waiting for active requests to complete","exception":"","service":"auth-service"}
{"timestamp":"2025-10-06 18:53:59,825","level":"INFO ","thread":"tomcat-shutdown","logger":"o.s.b.w.embedded.tomcat.GracefulShutdown","message":"Graceful shutdown complete","exception":"","service":"auth-service"}
{"timestamp":"2025-10-06 18:53:59,834","level":"INFO ","thread":"SpringApplicationShutdownHook","logger":"o.s.o.j.LocalContainerEntityManagerFactoryBean","message":"Closing JPA EntityManagerFactory for persistence unit 'default'","exception":"","service":"auth-service"}
{"timestamp":"2025-10-06 18:53:59,838","level":"INFO ","thread":"SpringApplicationShutdownHook","logger":"com.zaxxer.hikari.HikariDataSource","message":"HikariPool-1 - Shutdown initiated...","exception":"","service":"auth-service"}
{"timestamp":"2025-10-06 18:53:59,855","level":"INFO ","thread":"SpringApplicationShutdownHook","logger":"com.zaxxer.hikari.HikariDataSource","message":"HikariPool-1 - Shutdown completed.","exception":"","service":"auth-service"}
{"timestamp":"2025-10-06 18:55:04,103","level":"INFO ","thread":"main","logger":"com.renter.auth.AuthServiceApplication","message":"Starting AuthServiceApplication v0.0.1-SNAPSHOT using Java 21 with PID 1 (/app/app.jar started by spring in /app)","exception":"","service":"auth-service"}
{"timestamp":"2025-10-06 18:55:04,109","level":"INFO ","thread":"main","logger":"com.renter.auth.AuthServiceApplication","message":"The following 1 profile is active: \"local\"","exception":"","service":"auth-service"}
{"timestamp":"2025-10-06 18:55:07,399","level":"INFO ","thread":"main","logger":"o.s.d.r.c.RepositoryConfigurationDelegate","message":"Bootstrapping Spring Data JPA repositories in DEFAULT mode.","exception":"","service":"auth-service"}
{"timestamp":"2025-10-06 18:55:07,630","level":"INFO ","thread":"main","logger":"o.s.d.r.c.RepositoryConfigurationDelegate","message":"Finished Spring Data repository scanning in 187 ms. Found 1 JPA repository interface.","exception":"","service":"auth-service"}
{"timestamp":"2025-10-06 18:55:09,554","level":"INFO ","thread":"main","logger":"o.s.b.w.embedded.tomcat.TomcatWebServer","message":"Tomcat initialized with port 8081 (http)","exception":"","service":"auth-service"}
{"timestamp":"2025-10-06 18:55:09,593","level":"INFO ","thread":"main","logger":"o.apache.coyote.http11.Http11NioProtocol","message":"Initializing ProtocolHandler [\"http-nio-8081\"]","exception":"","service":"auth-service"}
{"timestamp":"2025-10-06 18:55:09,601","level":"INFO ","thread":"main","logger":"o.apache.catalina.core.StandardService","message":"Starting service [Tomcat]","exception":"","service":"auth-service"}
{"timestamp":"2025-10-06 18:55:09,602","level":"INFO ","thread":"main","logger":"org.apache.catalina.core.StandardEngine","message":"Starting Servlet engine: [Apache Tomcat/10.1.33]","exception":"","service":"auth-service"}
{"timestamp":"2025-10-06 18:55:09,859","level":"INFO ","thread":"main","logger":"o.a.c.c.C.[Tomcat].[localhost].[/]","message":"Initializing Spring embedded WebApplicationContext","exception":"","service":"auth-service"}
{"timestamp":"2025-10-06 18:55:09,862","level":"INFO ","thread":"main","logger":"o.s.b.w.s.c.ServletWebServerApplicationContext","message":"Root WebApplicationContext: initialization completed in 5563 ms","exception":"","service":"auth-service"}
{"timestamp":"2025-10-06 18:55:11,240","level":"INFO ","thread":"main","logger":"com.zaxxer.hikari.HikariDataSource","message":"HikariPool-1 - Starting...","exception":"","service":"auth-service"}
{"timestamp":"2025-10-06 18:55:11,714","level":"INFO ","thread":"main","logger":"com.zaxxer.hikari.pool.HikariPool","message":"HikariPool-1 - Added connection org.postgresql.jdbc.PgConnection@65d7eea4","exception":"","service":"auth-service"}
{"timestamp":"2025-10-06 18:55:11,719","level":"INFO ","thread":"main","logger":"com.zaxxer.hikari.HikariDataSource","message":"HikariPool-1 - Start completed.","exception":"","service":"auth-service"}
{"timestamp":"2025-10-06 18:55:11,799","level":"INFO ","thread":"main","logger":"org.flywaydb.core.FlywayExecutor","message":"Database: jdbc:postgresql://postgres-user:5432/user_db (PostgreSQL 15.14)","exception":"","service":"auth-service"}
{"timestamp":"2025-10-06 18:55:11,948","level":"INFO ","thread":"main","logger":"o.f.core.internal.command.DbValidate","message":"Successfully validated 2 migrations (execution time 00:00.076s)","exception":"","service":"auth-service"}
{"timestamp":"2025-10-06 18:55:11,977","level":"INFO ","thread":"main","logger":"o.f.core.internal.command.DbMigrate","message":"Current version of schema \"public\": 1","exception":"","service":"auth-service"}
{"timestamp":"2025-10-06 18:55:11,994","level":"INFO ","thread":"main","logger":"o.f.core.internal.command.DbMigrate","message":"Schema \"public\" is up to date. No migration necessary.","exception":"","service":"auth-service"}
{"timestamp":"2025-10-06 18:55:12,434","level":"INFO ","thread":"main","logger":"o.hibernate.jpa.internal.util.LogHelper","message":"HHH000204: Processing PersistenceUnitInfo [name: default]","exception":"","service":"auth-service"}
{"timestamp":"2025-10-06 18:55:12,842","level":"INFO ","thread":"main","logger":"org.hibernate.Version","message":"HHH000412: Hibernate ORM core version 6.6.2.Final","exception":"","service":"auth-service"}
{"timestamp":"2025-10-06 18:55:12,988","level":"INFO ","thread":"main","logger":"o.h.c.internal.RegionFactoryInitiator","message":"HHH000026: Second-level cache disabled","exception":"","service":"auth-service"}
{"timestamp":"2025-10-06 18:55:14,257","level":"INFO ","thread":"main","logger":"o.s.o.j.p.SpringPersistenceUnitInfo","message":"No LoadTimeWeaver setup: ignoring JPA class transformer","exception":"","service":"auth-service"}
{"timestamp":"2025-10-06 18:55:14,365","level":"WARN ","thread":"main","logger":"org.hibernate.orm.deprecation","message":"HHH90000025: PostgreSQLDialect does not need to be specified explicitly using 'hibernate.dialect' (remove the property setting and it will be selected by default)","exception":"","service":"auth-service"}
{"timestamp":"2025-10-06 18:55:14,377","level":"INFO ","thread":"main","logger":"org.hibernate.orm.connections.pooling","message":"HHH10001005: Database info:\n	Database JDBC URL [Connecting through datasource 'HikariDataSource (HikariPool-1)']\n	Database driver: undefined/unknown\n	Database version: 15.14\n	Autocommit mode: undefined/unknown\n	Isolation level: undefined/unknown\n	Minimum pool size: undefined/unknown\n	Maximum pool size: undefined/unknown","exception":"","service":"auth-service"}
{"timestamp":"2025-10-06 18:55:15,623","level":"INFO ","thread":"main","logger":"o.h.e.t.j.p.i.JtaPlatformInitiator","message":"HHH000489: No JTA platform available (set 'hibernate.transaction.jta.platform' to enable JTA platform integration)","exception":"","service":"auth-service"}
{"timestamp":"2025-10-06 18:55:15,675","level":"INFO ","thread":"main","logger":"o.s.o.j.LocalContainerEntityManagerFactoryBean","message":"Initialized JPA EntityManagerFactory for persistence unit 'default'","exception":"","service":"auth-service"}
{"timestamp":"2025-10-06 18:55:16,743","level":"WARN ","thread":"main","logger":"o.s.b.a.o.j.JpaBaseConfiguration$JpaWebConfiguration","message":"spring.jpa.open-in-view is enabled by default. Therefore, database queries may be performed during view rendering. Explicitly configure spring.jpa.open-in-view to disable this warning","exception":"","service":"auth-service"}
{"timestamp":"2025-10-06 18:55:17,473","level":"INFO ","thread":"main","logger":"o.s.b.a.e.web.EndpointLinksResolver","message":"Exposing 1 endpoint beneath base path '/actuator'","exception":"","service":"auth-service"}
{"timestamp":"2025-10-06 18:55:18,238","level":"INFO ","thread":"main","logger":"o.apache.coyote.http11.Http11NioProtocol","message":"Starting ProtocolHandler [\"http-nio-8081\"]","exception":"","service":"auth-service"}
{"timestamp":"2025-10-06 18:55:18,384","level":"INFO ","thread":"main","logger":"o.s.b.w.embedded.tomcat.TomcatWebServer","message":"Tomcat started on port 8081 (http) with context path '/'","exception":"","service":"auth-service"}
{"timestamp":"2025-10-06 18:55:18,408","level":"INFO ","thread":"main","logger":"com.renter.auth.AuthServiceApplication","message":"Started AuthServiceApplication in 15.797 seconds (process running for 17.338)","exception":"","service":"auth-service"}
{"timestamp":"2025-10-06 18:55:36,579","level":"INFO ","thread":"http-nio-8081-exec-1","logger":"o.a.c.c.C.[Tomcat].[localhost].[/]","message":"Initializing Spring DispatcherServlet 'dispatcherServlet'","exception":"","service":"auth-service"}
{"timestamp":"2025-10-06 18:55:36,579","level":"INFO ","thread":"http-nio-8081-exec-1","logger":"o.s.web.servlet.DispatcherServlet","message":"Initializing Servlet 'dispatcherServlet'","exception":"","service":"auth-service"}
{"timestamp":"2025-10-06 18:55:36,585","level":"INFO ","thread":"http-nio-8081-exec-1","logger":"o.s.web.servlet.DispatcherServlet","message":"Completed initialization in 6 ms","exception":"","service":"auth-service"}
{"timestamp":"2025-10-06 18:58:34,645","level":"INFO ","thread":"SpringApplicationShutdownHook","logger":"o.s.b.w.embedded.tomcat.GracefulShutdown","message":"Commencing graceful shutdown. Waiting for active requests to complete","exception":"","service":"auth-service"}
{"timestamp":"2025-10-06 18:58:34,648","level":"INFO ","thread":"tomcat-shutdown","logger":"o.s.b.w.embedded.tomcat.GracefulShutdown","message":"Graceful shutdown complete","exception":"","service":"auth-service"}
{"timestamp":"2025-10-06 18:58:34,658","level":"INFO ","thread":"SpringApplicationShutdownHook","logger":"o.s.o.j.LocalContainerEntityManagerFactoryBean","message":"Closing JPA EntityManagerFactory for persistence unit 'default'","exception":"","service":"auth-service"}
{"timestamp":"2025-10-06 18:58:34,661","level":"INFO ","thread":"SpringApplicationShutdownHook","logger":"com.zaxxer.hikari.HikariDataSource","message":"HikariPool-1 - Shutdown initiated...","exception":"","service":"auth-service"}
{"timestamp":"2025-10-06 18:58:34,682","level":"INFO ","thread":"SpringApplicationShutdownHook","logger":"com.zaxxer.hikari.HikariDataSource","message":"HikariPool-1 - Shutdown completed.","exception":"","service":"auth-service"}
{"timestamp":"2025-10-06 19:00:55,463","level":"INFO ","thread":"main","logger":"com.renter.auth.AuthServiceApplication","message":"Starting AuthServiceApplication v0.0.1-SNAPSHOT using Java 21 with PID 1 (/app/app.jar started by spring in /app)","exception":"","service":"auth-service"}
{"timestamp":"2025-10-06 19:00:55,474","level":"INFO ","thread":"main","logger":"com.renter.auth.AuthServiceApplication","message":"The following 1 profile is active: \"local\"","exception":"","service":"auth-service"}
{"timestamp":"2025-10-06 19:00:59,931","level":"INFO ","thread":"main","logger":"o.s.d.r.c.RepositoryConfigurationDelegate","message":"Bootstrapping Spring Data JPA repositories in DEFAULT mode.","exception":"","service":"auth-service"}
{"timestamp":"2025-10-06 19:01:00,122","level":"INFO ","thread":"main","logger":"o.s.d.r.c.RepositoryConfigurationDelegate","message":"Finished Spring Data repository scanning in 149 ms. Found 1 JPA repository interface.","exception":"","service":"auth-service"}
{"timestamp":"2025-10-06 19:01:02,555","level":"INFO ","thread":"main","logger":"o.s.b.w.embedded.tomcat.TomcatWebServer","message":"Tomcat initialized with port 8081 (http)","exception":"","service":"auth-service"}
{"timestamp":"2025-10-06 19:01:02,594","level":"INFO ","thread":"main","logger":"o.apache.coyote.http11.Http11NioProtocol","message":"Initializing ProtocolHandler [\"http-nio-8081\"]","exception":"","service":"auth-service"}
{"timestamp":"2025-10-06 19:01:02,600","level":"INFO ","thread":"main","logger":"o.apache.catalina.core.StandardService","message":"Starting service [Tomcat]","exception":"","service":"auth-service"}
{"timestamp":"2025-10-06 19:01:02,601","level":"INFO ","thread":"main","logger":"org.apache.catalina.core.StandardEngine","message":"Starting Servlet engine: [Apache Tomcat/10.1.33]","exception":"","service":"auth-service"}
{"timestamp":"2025-10-06 19:01:02,721","level":"INFO ","thread":"main","logger":"o.a.c.c.C.[Tomcat].[localhost].[/]","message":"Initializing Spring embedded WebApplicationContext","exception":"","service":"auth-service"}
{"timestamp":"2025-10-06 19:01:02,725","level":"INFO ","thread":"main","logger":"o.s.b.w.s.c.ServletWebServerApplicationContext","message":"Root WebApplicationContext: initialization completed in 7018 ms","exception":"","service":"auth-service"}
{"timestamp":"2025-10-06 19:01:04,011","level":"INFO ","thread":"main","logger":"com.zaxxer.hikari.HikariDataSource","message":"HikariPool-1 - Starting...","exception":"","service":"auth-service"}
{"timestamp":"2025-10-06 19:01:04,471","level":"INFO ","thread":"main","logger":"com.zaxxer.hikari.pool.HikariPool","message":"HikariPool-1 - Added connection org.postgresql.jdbc.PgConnection@aa0dbca","exception":"","service":"auth-service"}
{"timestamp":"2025-10-06 19:01:04,475","level":"INFO ","thread":"main","logger":"com.zaxxer.hikari.HikariDataSource","message":"HikariPool-1 - Start completed.","exception":"","service":"auth-service"}
{"timestamp":"2025-10-06 19:01:04,563","level":"INFO ","thread":"main","logger":"org.flywaydb.core.FlywayExecutor","message":"Database: jdbc:postgresql://postgres-user:5432/user_db (PostgreSQL 15.14)","exception":"","service":"auth-service"}
{"timestamp":"2025-10-06 19:01:04,679","level":"INFO ","thread":"main","logger":"o.f.core.internal.command.DbValidate","message":"Successfully validated 2 migrations (execution time 00:00.067s)","exception":"","service":"auth-service"}
{"timestamp":"2025-10-06 19:01:04,724","level":"INFO ","thread":"main","logger":"o.f.core.internal.command.DbMigrate","message":"Current version of schema \"public\": 1","exception":"","service":"auth-service"}
{"timestamp":"2025-10-06 19:01:04,781","level":"INFO ","thread":"main","logger":"o.f.core.internal.command.DbMigrate","message":"Schema \"public\" is up to date. No migration necessary.","exception":"","service":"auth-service"}
{"timestamp":"2025-10-06 19:01:05,056","level":"INFO ","thread":"main","logger":"o.hibernate.jpa.internal.util.LogHelper","message":"HHH000204: Processing PersistenceUnitInfo [name: default]","exception":"","service":"auth-service"}
{"timestamp":"2025-10-06 19:01:05,266","level":"INFO ","thread":"main","logger":"org.hibernate.Version","message":"HHH000412: Hibernate ORM core version 6.6.2.Final","exception":"","service":"auth-service"}
{"timestamp":"2025-10-06 19:01:05,349","level":"INFO ","thread":"main","logger":"o.h.c.internal.RegionFactoryInitiator","message":"HHH000026: Second-level cache disabled","exception":"","service":"auth-service"}
{"timestamp":"2025-10-06 19:01:05,876","level":"INFO ","thread":"main","logger":"o.s.o.j.p.SpringPersistenceUnitInfo","message":"No LoadTimeWeaver setup: ignoring JPA class transformer","exception":"","service":"auth-service"}
{"timestamp":"2025-10-06 19:01:05,931","level":"WARN ","thread":"main","logger":"org.hibernate.orm.deprecation","message":"HHH90000025: PostgreSQLDialect does not need to be specified explicitly using 'hibernate.dialect' (remove the property setting and it will be selected by default)","exception":"","service":"auth-service"}
{"timestamp":"2025-10-06 19:01:05,946","level":"INFO ","thread":"main","logger":"org.hibernate.orm.connections.pooling","message":"HHH10001005: Database info:\n	Database JDBC URL [Connecting through datasource 'HikariDataSource (HikariPool-1)']\n	Database driver: undefined/unknown\n	Database version: 15.14\n	Autocommit mode: undefined/unknown\n	Isolation level: undefined/unknown\n	Minimum pool size: undefined/unknown\n	Maximum pool size: undefined/unknown","exception":"","service":"auth-service"}
{"timestamp":"2025-10-06 19:01:06,753","level":"INFO ","thread":"main","logger":"o.h.e.t.j.p.i.JtaPlatformInitiator","message":"HHH000489: No JTA platform available (set 'hibernate.transaction.jta.platform' to enable JTA platform integration)","exception":"","service":"auth-service"}
{"timestamp":"2025-10-06 19:01:06,796","level":"INFO ","thread":"main","logger":"o.s.o.j.LocalContainerEntityManagerFactoryBean","message":"Initialized JPA EntityManagerFactory for persistence unit 'default'","exception":"","service":"auth-service"}
{"timestamp":"2025-10-06 19:01:07,754","level":"WARN ","thread":"main","logger":"o.s.b.a.o.j.JpaBaseConfiguration$JpaWebConfiguration","message":"spring.jpa.open-in-view is enabled by default. Therefore, database queries may be performed during view rendering. Explicitly configure spring.jpa.open-in-view to disable this warning","exception":"","service":"auth-service"}
{"timestamp":"2025-10-06 19:01:08,333","level":"INFO ","thread":"main","logger":"o.s.b.a.e.web.EndpointLinksResolver","message":"Exposing 1 endpoint beneath base path '/actuator'","exception":"","service":"auth-service"}
{"timestamp":"2025-10-06 19:01:09,132","level":"INFO ","thread":"main","logger":"o.apache.coyote.http11.Http11NioProtocol","message":"Starting ProtocolHandler [\"http-nio-8081\"]","exception":"","service":"auth-service"}
{"timestamp":"2025-10-06 19:01:09,151","level":"INFO ","thread":"main","logger":"o.s.b.w.embedded.tomcat.TomcatWebServer","message":"Tomcat started on port 8081 (http) with context path '/'","exception":"","service":"auth-service"}
{"timestamp":"2025-10-06 19:01:09,175","level":"INFO ","thread":"main","logger":"com.renter.auth.AuthServiceApplication","message":"Started AuthServiceApplication in 15.441 seconds (process running for 17.268)","exception":"","service":"auth-service"}
{"timestamp":"2025-10-06 19:08:09,270","level":"INFO ","thread":"SpringApplicationShutdownHook","logger":"o.s.b.w.embedded.tomcat.GracefulShutdown","message":"Commencing graceful shutdown. Waiting for active requests to complete","exception":"","service":"auth-service"}
{"timestamp":"2025-10-06 19:08:09,274","level":"INFO ","thread":"tomcat-shutdown","logger":"o.s.b.w.embedded.tomcat.GracefulShutdown","message":"Graceful shutdown complete","exception":"","service":"auth-service"}
{"timestamp":"2025-10-06 19:08:09,282","level":"INFO ","thread":"SpringApplicationShutdownHook","logger":"o.s.o.j.LocalContainerEntityManagerFactoryBean","message":"Closing JPA EntityManagerFactory for persistence unit 'default'","exception":"","service":"auth-service"}
{"timestamp":"2025-10-06 19:08:09,286","level":"INFO ","thread":"SpringApplicationShutdownHook","logger":"com.zaxxer.hikari.HikariDataSource","message":"HikariPool-1 - Shutdown initiated...","exception":"","service":"auth-service"}
{"timestamp":"2025-10-06 19:08:09,298","level":"INFO ","thread":"SpringApplicationShutdownHook","logger":"com.zaxxer.hikari.HikariDataSource","message":"HikariPool-1 - Shutdown completed.","exception":"","service":"auth-service"}
{"timestamp":"2025-10-06 19:11:20,435","level":"INFO ","thread":"main","logger":"com.renter.auth.AuthServiceApplication","message":"Starting AuthServiceApplication v0.0.1-SNAPSHOT using Java 21 with PID 1 (/app/app.jar started by spring in /app)","exception":"","service":"auth-service"}
{"timestamp":"2025-10-06 19:11:20,442","level":"INFO ","thread":"main","logger":"com.renter.auth.AuthServiceApplication","message":"The following 1 profile is active: \"local\"","exception":"","service":"auth-service"}
{"timestamp":"2025-10-06 19:11:23,557","level":"INFO ","thread":"main","logger":"o.s.d.r.c.RepositoryConfigurationDelegate","message":"Bootstrapping Spring Data JPA repositories in DEFAULT mode.","exception":"","service":"auth-service"}
{"timestamp":"2025-10-06 19:11:23,760","level":"INFO ","thread":"main","logger":"o.s.d.r.c.RepositoryConfigurationDelegate","message":"Finished Spring Data repository scanning in 155 ms. Found 1 JPA repository interface.","exception":"","service":"auth-service"}
{"timestamp":"2025-10-06 19:11:25,809","level":"INFO ","thread":"main","logger":"o.s.b.w.embedded.tomcat.TomcatWebServer","message":"Tomcat initialized with port 8081 (http)","exception":"","service":"auth-service"}
{"timestamp":"2025-10-06 19:11:25,837","level":"INFO ","thread":"main","logger":"o.apache.coyote.http11.Http11NioProtocol","message":"Initializing ProtocolHandler [\"http-nio-8081\"]","exception":"","service":"auth-service"}
{"timestamp":"2025-10-06 19:11:25,842","level":"INFO ","thread":"main","logger":"o.apache.catalina.core.StandardService","message":"Starting service [Tomcat]","exception":"","service":"auth-service"}
{"timestamp":"2025-10-06 19:11:25,843","level":"INFO ","thread":"main","logger":"org.apache.catalina.core.StandardEngine","message":"Starting Servlet engine: [Apache Tomcat/10.1.33]","exception":"","service":"auth-service"}
{"timestamp":"2025-10-06 19:11:25,965","level":"INFO ","thread":"main","logger":"o.a.c.c.C.[Tomcat].[localhost].[/]","message":"Initializing Spring embedded WebApplicationContext","exception":"","service":"auth-service"}
{"timestamp":"2025-10-06 19:11:25,976","level":"INFO ","thread":"main","logger":"o.s.b.w.s.c.ServletWebServerApplicationContext","message":"Root WebApplicationContext: initialization completed in 5370 ms","exception":"","service":"auth-service"}
{"timestamp":"2025-10-06 19:11:27,306","level":"INFO ","thread":"main","logger":"com.zaxxer.hikari.HikariDataSource","message":"HikariPool-1 - Starting...","exception":"","service":"auth-service"}
{"timestamp":"2025-10-06 19:11:27,846","level":"INFO ","thread":"main","logger":"com.zaxxer.hikari.pool.HikariPool","message":"HikariPool-1 - Added connection org.postgresql.jdbc.PgConnection@74bdfa0b","exception":"","service":"auth-service"}
{"timestamp":"2025-10-06 19:11:27,852","level":"INFO ","thread":"main","logger":"com.zaxxer.hikari.HikariDataSource","message":"HikariPool-1 - Start completed.","exception":"","service":"auth-service"}
{"timestamp":"2025-10-06 19:11:27,936","level":"INFO ","thread":"main","logger":"org.flywaydb.core.FlywayExecutor","message":"Database: jdbc:postgresql://postgres-user:5432/user_db (PostgreSQL 15.14)","exception":"","service":"auth-service"}
{"timestamp":"2025-10-06 19:11:28,088","level":"INFO ","thread":"main","logger":"o.f.core.internal.command.DbValidate","message":"Successfully validated 2 migrations (execution time 00:00.072s)","exception":"","service":"auth-service"}
{"timestamp":"2025-10-06 19:11:28,129","level":"INFO ","thread":"main","logger":"o.f.core.internal.command.DbMigrate","message":"Current version of schema \"public\": 1","exception":"","service":"auth-service"}
{"timestamp":"2025-10-06 19:11:28,138","level":"INFO ","thread":"main","logger":"o.f.core.internal.command.DbMigrate","message":"Schema \"public\" is up to date. No migration necessary.","exception":"","service":"auth-service"}
{"timestamp":"2025-10-06 19:11:28,473","level":"INFO ","thread":"main","logger":"o.hibernate.jpa.internal.util.LogHelper","message":"HHH000204: Processing PersistenceUnitInfo [name: default]","exception":"","service":"auth-service"}
{"timestamp":"2025-10-06 19:11:28,666","level":"INFO ","thread":"main","logger":"org.hibernate.Version","message":"HHH000412: Hibernate ORM core version 6.6.2.Final","exception":"","service":"auth-service"}
{"timestamp":"2025-10-06 19:11:28,760","level":"INFO ","thread":"main","logger":"o.h.c.internal.RegionFactoryInitiator","message":"HHH000026: Second-level cache disabled","exception":"","service":"auth-service"}
{"timestamp":"2025-10-06 19:11:29,194","level":"INFO ","thread":"main","logger":"o.s.o.j.p.SpringPersistenceUnitInfo","message":"No LoadTimeWeaver setup: ignoring JPA class transformer","exception":"","service":"auth-service"}
{"timestamp":"2025-10-06 19:11:29,260","level":"WARN ","thread":"main","logger":"org.hibernate.orm.deprecation","message":"HHH90000025: PostgreSQLDialect does not need to be specified explicitly using 'hibernate.dialect' (remove the property setting and it will be selected by default)","exception":"","service":"auth-service"}
{"timestamp":"2025-10-06 19:11:29,280","level":"INFO ","thread":"main","logger":"org.hibernate.orm.connections.pooling","message":"HHH10001005: Database info:\n	Database JDBC URL [Connecting through datasource 'HikariDataSource (HikariPool-1)']\n	Database driver: undefined/unknown\n	Database version: 15.14\n	Autocommit mode: undefined/unknown\n	Isolation level: undefined/unknown\n	Minimum pool size: undefined/unknown\n	Maximum pool size: undefined/unknown","exception":"","service":"auth-service"}
{"timestamp":"2025-10-06 19:11:30,100","level":"INFO ","thread":"main","logger":"o.h.e.t.j.p.i.JtaPlatformInitiator","message":"HHH000489: No JTA platform available (set 'hibernate.transaction.jta.platform' to enable JTA platform integration)","exception":"","service":"auth-service"}
{"timestamp":"2025-10-06 19:11:30,144","level":"INFO ","thread":"main","logger":"o.s.o.j.LocalContainerEntityManagerFactoryBean","message":"Initialized JPA EntityManagerFactory for persistence unit 'default'","exception":"","service":"auth-service"}
{"timestamp":"2025-10-06 19:11:31,152","level":"WARN ","thread":"main","logger":"o.s.b.a.o.j.JpaBaseConfiguration$JpaWebConfiguration","message":"spring.jpa.open-in-view is enabled by default. Therefore, database queries may be performed during view rendering. Explicitly configure spring.jpa.open-in-view to disable this warning","exception":"","service":"auth-service"}
{"timestamp":"2025-10-06 19:11:31,759","level":"INFO ","thread":"main","logger":"o.s.b.a.e.web.EndpointLinksResolver","message":"Exposing 1 endpoint beneath base path '/actuator'","exception":"","service":"auth-service"}
{"timestamp":"2025-10-06 19:11:32,454","level":"INFO ","thread":"main","logger":"o.apache.coyote.http11.Http11NioProtocol","message":"Starting ProtocolHandler [\"http-nio-8081\"]","exception":"","service":"auth-service"}
{"timestamp":"2025-10-06 19:11:32,475","level":"INFO ","thread":"main","logger":"o.s.b.w.embedded.tomcat.TomcatWebServer","message":"Tomcat started on port 8081 (http) with context path '/'","exception":"","service":"auth-service"}
{"timestamp":"2025-10-06 19:11:32,498","level":"INFO ","thread":"main","logger":"com.renter.auth.AuthServiceApplication","message":"Started AuthServiceApplication in 13.603 seconds (process running for 15.22)","exception":"","service":"auth-service"}
{"timestamp":"2025-10-06 19:17:10,705","level":"INFO ","thread":"SpringApplicationShutdownHook","logger":"o.s.b.w.embedded.tomcat.GracefulShutdown","message":"Commencing graceful shutdown. Waiting for active requests to complete","exception":"","service":"auth-service"}
{"timestamp":"2025-10-06 19:17:10,708","level":"INFO ","thread":"tomcat-shutdown","logger":"o.s.b.w.embedded.tomcat.GracefulShutdown","message":"Graceful shutdown complete","exception":"","service":"auth-service"}
{"timestamp":"2025-10-06 19:17:10,719","level":"INFO ","thread":"SpringApplicationShutdownHook","logger":"o.s.o.j.LocalContainerEntityManagerFactoryBean","message":"Closing JPA EntityManagerFactory for persistence unit 'default'","exception":"","service":"auth-service"}
{"timestamp":"2025-10-06 19:17:10,727","level":"INFO ","thread":"SpringApplicationShutdownHook","logger":"com.zaxxer.hikari.HikariDataSource","message":"HikariPool-1 - Shutdown initiated...","exception":"","service":"auth-service"}
{"timestamp":"2025-10-06 19:17:10,744","level":"INFO ","thread":"SpringApplicationShutdownHook","logger":"com.zaxxer.hikari.HikariDataSource","message":"HikariPool-1 - Shutdown completed.","exception":"","service":"auth-service"}
{"timestamp":"2025-10-06 19:18:31,466","level":"INFO ","thread":"main","logger":"com.renter.auth.AuthServiceApplication","message":"Starting AuthServiceApplication v0.0.1-SNAPSHOT using Java 21 with PID 1 (/app/app.jar started by spring in /app)","exception":"","service":"auth-service"}
{"timestamp":"2025-10-06 19:18:31,479","level":"INFO ","thread":"main","logger":"com.renter.auth.AuthServiceApplication","message":"The following 1 profile is active: \"local\"","exception":"","service":"auth-service"}
{"timestamp":"2025-10-06 19:18:34,883","level":"INFO ","thread":"main","logger":"o.s.d.r.c.RepositoryConfigurationDelegate","message":"Bootstrapping Spring Data JPA repositories in DEFAULT mode.","exception":"","service":"auth-service"}
{"timestamp":"2025-10-06 19:18:35,048","level":"INFO ","thread":"main","logger":"o.s.d.r.c.RepositoryConfigurationDelegate","message":"Finished Spring Data repository scanning in 131 ms. Found 1 JPA repository interface.","exception":"","service":"auth-service"}
{"timestamp":"2025-10-06 19:18:37,003","level":"INFO ","thread":"main","logger":"o.s.b.w.embedded.tomcat.TomcatWebServer","message":"Tomcat initialized with port 8081 (http)","exception":"","service":"auth-service"}
{"timestamp":"2025-10-06 19:18:37,029","level":"INFO ","thread":"main","logger":"o.apache.coyote.http11.Http11NioProtocol","message":"Initializing ProtocolHandler [\"http-nio-8081\"]","exception":"","service":"auth-service"}
{"timestamp":"2025-10-06 19:18:37,035","level":"INFO ","thread":"main","logger":"o.apache.catalina.core.StandardService","message":"Starting service [Tomcat]","exception":"","service":"auth-service"}
{"timestamp":"2025-10-06 19:18:37,036","level":"INFO ","thread":"main","logger":"org.apache.catalina.core.StandardEngine","message":"Starting Servlet engine: [Apache Tomcat/10.1.33]","exception":"","service":"auth-service"}
{"timestamp":"2025-10-06 19:18:37,168","level":"INFO ","thread":"main","logger":"o.a.c.c.C.[Tomcat].[localhost].[/]","message":"Initializing Spring embedded WebApplicationContext","exception":"","service":"auth-service"}
{"timestamp":"2025-10-06 19:18:37,169","level":"INFO ","thread":"main","logger":"o.s.b.w.s.c.ServletWebServerApplicationContext","message":"Root WebApplicationContext: initialization completed in 5489 ms","exception":"","service":"auth-service"}
{"timestamp":"2025-10-06 19:18:38,371","level":"INFO ","thread":"main","logger":"com.zaxxer.hikari.HikariDataSource","message":"HikariPool-1 - Starting...","exception":"","service":"auth-service"}
{"timestamp":"2025-10-06 19:18:38,942","level":"INFO ","thread":"main","logger":"com.zaxxer.hikari.pool.HikariPool","message":"HikariPool-1 - Added connection org.postgresql.jdbc.PgConnection@1224e1b6","exception":"","service":"auth-service"}
{"timestamp":"2025-10-06 19:18:38,947","level":"INFO ","thread":"main","logger":"com.zaxxer.hikari.HikariDataSource","message":"HikariPool-1 - Start completed.","exception":"","service":"auth-service"}
{"timestamp":"2025-10-06 19:18:39,016","level":"INFO ","thread":"main","logger":"org.flywaydb.core.FlywayExecutor","message":"Database: jdbc:postgresql://postgres-user:5432/user_db (PostgreSQL 15.14)","exception":"","service":"auth-service"}
{"timestamp":"2025-10-06 19:18:39,148","level":"INFO ","thread":"main","logger":"o.f.core.internal.command.DbValidate","message":"Successfully validated 2 migrations (execution time 00:00.085s)","exception":"","service":"auth-service"}
{"timestamp":"2025-10-06 19:18:39,182","level":"INFO ","thread":"main","logger":"o.f.core.internal.command.DbMigrate","message":"Current version of schema \"public\": 1","exception":"","service":"auth-service"}
{"timestamp":"2025-10-06 19:18:39,189","level":"INFO ","thread":"main","logger":"o.f.core.internal.command.DbMigrate","message":"Schema \"public\" is up to date. No migration necessary.","exception":"","service":"auth-service"}
{"timestamp":"2025-10-06 19:18:39,452","level":"INFO ","thread":"main","logger":"o.hibernate.jpa.internal.util.LogHelper","message":"HHH000204: Processing PersistenceUnitInfo [name: default]","exception":"","service":"auth-service"}
{"timestamp":"2025-10-06 19:18:39,621","level":"INFO ","thread":"main","logger":"org.hibernate.Version","message":"HHH000412: Hibernate ORM core version 6.6.2.Final","exception":"","service":"auth-service"}
{"timestamp":"2025-10-06 19:18:39,711","level":"INFO ","thread":"main","logger":"o.h.c.internal.RegionFactoryInitiator","message":"HHH000026: Second-level cache disabled","exception":"","service":"auth-service"}
{"timestamp":"2025-10-06 19:18:40,379","level":"INFO ","thread":"main","logger":"o.s.o.j.p.SpringPersistenceUnitInfo","message":"No LoadTimeWeaver setup: ignoring JPA class transformer","exception":"","service":"auth-service"}
{"timestamp":"2025-10-06 19:18:40,479","level":"WARN ","thread":"main","logger":"org.hibernate.orm.deprecation","message":"HHH90000025: PostgreSQLDialect does not need to be specified explicitly using 'hibernate.dialect' (remove the property setting and it will be selected by default)","exception":"","service":"auth-service"}
{"timestamp":"2025-10-06 19:18:40,502","level":"INFO ","thread":"main","logger":"org.hibernate.orm.connections.pooling","message":"HHH10001005: Database info:\n	Database JDBC URL [Connecting through datasource 'HikariDataSource (HikariPool-1)']\n	Database driver: undefined/unknown\n	Database version: 15.14\n	Autocommit mode: undefined/unknown\n	Isolation level: undefined/unknown\n	Minimum pool size: undefined/unknown\n	Maximum pool size: undefined/unknown","exception":"","service":"auth-service"}
{"timestamp":"2025-10-06 19:18:41,528","level":"INFO ","thread":"main","logger":"o.h.e.t.j.p.i.JtaPlatformInitiator","message":"HHH000489: No JTA platform available (set 'hibernate.transaction.jta.platform' to enable JTA platform integration)","exception":"","service":"auth-service"}
{"timestamp":"2025-10-06 19:18:41,572","level":"INFO ","thread":"main","logger":"o.s.o.j.LocalContainerEntityManagerFactoryBean","message":"Initialized JPA EntityManagerFactory for persistence unit 'default'","exception":"","service":"auth-service"}
{"timestamp":"2025-10-06 19:18:42,708","level":"WARN ","thread":"main","logger":"o.s.b.a.o.j.JpaBaseConfiguration$JpaWebConfiguration","message":"spring.jpa.open-in-view is enabled by default. Therefore, database queries may be performed during view rendering. Explicitly configure spring.jpa.open-in-view to disable this warning","exception":"","service":"auth-service"}
{"timestamp":"2025-10-06 19:18:43,578","level":"INFO ","thread":"main","logger":"o.s.b.a.e.web.EndpointLinksResolver","message":"Exposing 1 endpoint beneath base path '/actuator'","exception":"","service":"auth-service"}
{"timestamp":"2025-10-06 19:18:44,336","level":"INFO ","thread":"main","logger":"o.apache.coyote.http11.Http11NioProtocol","message":"Starting ProtocolHandler [\"http-nio-8081\"]","exception":"","service":"auth-service"}
{"timestamp":"2025-10-06 19:18:44,356","level":"INFO ","thread":"main","logger":"o.s.b.w.embedded.tomcat.TomcatWebServer","message":"Tomcat started on port 8081 (http) with context path '/'","exception":"","service":"auth-service"}
{"timestamp":"2025-10-06 19:18:44,381","level":"INFO ","thread":"main","logger":"com.renter.auth.AuthServiceApplication","message":"Started AuthServiceApplication in 14.739 seconds (process running for 16.942)","exception":"","service":"auth-service"}
{"timestamp":"2025-10-06 19:30:20,566","level":"INFO ","thread":"SpringApplicationShutdownHook","logger":"o.s.b.w.embedded.tomcat.GracefulShutdown","message":"Commencing graceful shutdown. Waiting for active requests to complete","exception":"","service":"auth-service"}
{"timestamp":"2025-10-06 19:30:20,569","level":"INFO ","thread":"tomcat-shutdown","logger":"o.s.b.w.embedded.tomcat.GracefulShutdown","message":"Graceful shutdown complete","exception":"","service":"auth-service"}
{"timestamp":"2025-10-06 19:30:20,581","level":"INFO ","thread":"SpringApplicationShutdownHook","logger":"o.s.o.j.LocalContainerEntityManagerFactoryBean","message":"Closing JPA EntityManagerFactory for persistence unit 'default'","exception":"","service":"auth-service"}
{"timestamp":"2025-10-06 19:30:20,589","level":"INFO ","thread":"SpringApplicationShutdownHook","logger":"com.zaxxer.hikari.HikariDataSource","message":"HikariPool-1 - Shutdown initiated...","exception":"","service":"auth-service"}
{"timestamp":"2025-10-06 19:30:20,603","level":"INFO ","thread":"SpringApplicationShutdownHook","logger":"com.zaxxer.hikari.HikariDataSource","message":"HikariPool-1 - Shutdown completed.","exception":"","service":"auth-service"}
{"timestamp":"2025-10-06 19:31:29,199","level":"INFO ","thread":"main","logger":"com.renter.auth.AuthServiceApplication","message":"Starting AuthServiceApplication v0.0.1-SNAPSHOT using Java 21 with PID 1 (/app/app.jar started by spring in /app)","exception":"","service":"auth-service"}
{"timestamp":"2025-10-06 19:31:29,206","level":"INFO ","thread":"main","logger":"com.renter.auth.AuthServiceApplication","message":"The following 1 profile is active: \"local\"","exception":"","service":"auth-service"}
{"timestamp":"2025-10-06 19:31:32,997","level":"INFO ","thread":"main","logger":"o.s.d.r.c.RepositoryConfigurationDelegate","message":"Bootstrapping Spring Data JPA repositories in DEFAULT mode.","exception":"","service":"auth-service"}
{"timestamp":"2025-10-06 19:31:33,188","level":"INFO ","thread":"main","logger":"o.s.d.r.c.RepositoryConfigurationDelegate","message":"Finished Spring Data repository scanning in 130 ms. Found 1 JPA repository interface.","exception":"","service":"auth-service"}
{"timestamp":"2025-10-06 19:31:36,102","level":"INFO ","thread":"main","logger":"o.s.b.w.embedded.tomcat.TomcatWebServer","message":"Tomcat initialized with port 8081 (http)","exception":"","service":"auth-service"}
{"timestamp":"2025-10-06 19:31:36,140","level":"INFO ","thread":"main","logger":"o.apache.coyote.http11.Http11NioProtocol","message":"Initializing ProtocolHandler [\"http-nio-8081\"]","exception":"","service":"auth-service"}
{"timestamp":"2025-10-06 19:31:36,147","level":"INFO ","thread":"main","logger":"o.apache.catalina.core.StandardService","message":"Starting service [Tomcat]","exception":"","service":"auth-service"}
{"timestamp":"2025-10-06 19:31:36,148","level":"INFO ","thread":"main","logger":"org.apache.catalina.core.StandardEngine","message":"Starting Servlet engine: [Apache Tomcat/10.1.33]","exception":"","service":"auth-service"}
{"timestamp":"2025-10-06 19:31:36,281","level":"INFO ","thread":"main","logger":"o.a.c.c.C.[Tomcat].[localhost].[/]","message":"Initializing Spring embedded WebApplicationContext","exception":"","service":"auth-service"}
{"timestamp":"2025-10-06 19:31:36,289","level":"INFO ","thread":"main","logger":"o.s.b.w.s.c.ServletWebServerApplicationContext","message":"Root WebApplicationContext: initialization completed in 6938 ms","exception":"","service":"auth-service"}
{"timestamp":"2025-10-06 19:31:38,073","level":"INFO ","thread":"main","logger":"com.zaxxer.hikari.HikariDataSource","message":"HikariPool-1 - Starting...","exception":"","service":"auth-service"}
{"timestamp":"2025-10-06 19:31:38,656","level":"INFO ","thread":"main","logger":"com.zaxxer.hikari.pool.HikariPool","message":"HikariPool-1 - Added connection org.postgresql.jdbc.PgConnection@1224e1b6","exception":"","service":"auth-service"}
{"timestamp":"2025-10-06 19:31:38,660","level":"INFO ","thread":"main","logger":"com.zaxxer.hikari.HikariDataSource","message":"HikariPool-1 - Start completed.","exception":"","service":"auth-service"}
{"timestamp":"2025-10-06 19:31:38,825","level":"INFO ","thread":"main","logger":"org.flywaydb.core.FlywayExecutor","message":"Database: jdbc:postgresql://postgres-user:5432/user_db (PostgreSQL 15.14)","exception":"","service":"auth-service"}
{"timestamp":"2025-10-06 19:31:38,939","level":"INFO ","thread":"main","logger":"o.f.core.internal.command.DbValidate","message":"Successfully validated 2 migrations (execution time 00:00.069s)","exception":"","service":"auth-service"}
{"timestamp":"2025-10-06 19:31:38,967","level":"INFO ","thread":"main","logger":"o.f.core.internal.command.DbMigrate","message":"Current version of schema \"public\": 1","exception":"","service":"auth-service"}
{"timestamp":"2025-10-06 19:31:38,975","level":"INFO ","thread":"main","logger":"o.f.core.internal.command.DbMigrate","message":"Schema \"public\" is up to date. No migration necessary.","exception":"","service":"auth-service"}
{"timestamp":"2025-10-06 19:31:39,289","level":"INFO ","thread":"main","logger":"o.hibernate.jpa.internal.util.LogHelper","message":"HHH000204: Processing PersistenceUnitInfo [name: default]","exception":"","service":"auth-service"}
{"timestamp":"2025-10-06 19:31:39,490","level":"INFO ","thread":"main","logger":"org.hibernate.Version","message":"HHH000412: Hibernate ORM core version 6.6.2.Final","exception":"","service":"auth-service"}
{"timestamp":"2025-10-06 19:31:39,584","level":"INFO ","thread":"main","logger":"o.h.c.internal.RegionFactoryInitiator","message":"HHH000026: Second-level cache disabled","exception":"","service":"auth-service"}
{"timestamp":"2025-10-06 19:31:40,210","level":"INFO ","thread":"main","logger":"o.s.o.j.p.SpringPersistenceUnitInfo","message":"No LoadTimeWeaver setup: ignoring JPA class transformer","exception":"","service":"auth-service"}
{"timestamp":"2025-10-06 19:31:40,296","level":"WARN ","thread":"main","logger":"org.hibernate.orm.deprecation","message":"HHH90000025: PostgreSQLDialect does not need to be specified explicitly using 'hibernate.dialect' (remove the property setting and it will be selected by default)","exception":"","service":"auth-service"}
{"timestamp":"2025-10-06 19:31:40,317","level":"INFO ","thread":"main","logger":"org.hibernate.orm.connections.pooling","message":"HHH10001005: Database info:\n	Database JDBC URL [Connecting through datasource 'HikariDataSource (HikariPool-1)']\n	Database driver: undefined/unknown\n	Database version: 15.14\n	Autocommit mode: undefined/unknown\n	Isolation level: undefined/unknown\n	Minimum pool size: undefined/unknown\n	Maximum pool size: undefined/unknown","exception":"","service":"auth-service"}
{"timestamp":"2025-10-06 19:31:41,171","level":"INFO ","thread":"main","logger":"o.h.e.t.j.p.i.JtaPlatformInitiator","message":"HHH000489: No JTA platform available (set 'hibernate.transaction.jta.platform' to enable JTA platform integration)","exception":"","service":"auth-service"}
{"timestamp":"2025-10-06 19:31:41,216","level":"INFO ","thread":"main","logger":"o.s.o.j.LocalContainerEntityManagerFactoryBean","message":"Initialized JPA EntityManagerFactory for persistence unit 'default'","exception":"","service":"auth-service"}
{"timestamp":"2025-10-06 19:31:42,390","level":"WARN ","thread":"main","logger":"o.s.b.a.o.j.JpaBaseConfiguration$JpaWebConfiguration","message":"spring.jpa.open-in-view is enabled by default. Therefore, database queries may be performed during view rendering. Explicitly configure spring.jpa.open-in-view to disable this warning","exception":"","service":"auth-service"}
{"timestamp":"2025-10-06 19:31:43,025","level":"INFO ","thread":"main","logger":"o.s.b.a.e.web.EndpointLinksResolver","message":"Exposing 1 endpoint beneath base path '/actuator'","exception":"","service":"auth-service"}
{"timestamp":"2025-10-06 19:31:43,938","level":"INFO ","thread":"main","logger":"o.apache.coyote.http11.Http11NioProtocol","message":"Starting ProtocolHandler [\"http-nio-8081\"]","exception":"","service":"auth-service"}
{"timestamp":"2025-10-06 19:31:43,957","level":"INFO ","thread":"main","logger":"o.s.b.w.embedded.tomcat.TomcatWebServer","message":"Tomcat started on port 8081 (http) with context path '/'","exception":"","service":"auth-service"}
{"timestamp":"2025-10-06 19:31:43,982","level":"INFO ","thread":"main","logger":"com.renter.auth.AuthServiceApplication","message":"Started AuthServiceApplication in 16.385 seconds (process running for 18.068)","exception":"","service":"auth-service"}
{"timestamp":"2025-10-06 19:34:07,011","level":"INFO ","thread":"SpringApplicationShutdownHook","logger":"o.s.b.w.embedded.tomcat.GracefulShutdown","message":"Commencing graceful shutdown. Waiting for active requests to complete","exception":"","service":"auth-service"}
{"timestamp":"2025-10-06 19:34:07,017","level":"INFO ","thread":"tomcat-shutdown","logger":"o.s.b.w.embedded.tomcat.GracefulShutdown","message":"Graceful shutdown complete","exception":"","service":"auth-service"}
{"timestamp":"2025-10-06 19:34:07,030","level":"INFO ","thread":"SpringApplicationShutdownHook","logger":"o.s.o.j.LocalContainerEntityManagerFactoryBean","message":"Closing JPA EntityManagerFactory for persistence unit 'default'","exception":"","service":"auth-service"}
{"timestamp":"2025-10-06 19:34:07,036","level":"INFO ","thread":"SpringApplicationShutdownHook","logger":"com.zaxxer.hikari.HikariDataSource","message":"HikariPool-1 - Shutdown initiated...","exception":"","service":"auth-service"}
{"timestamp":"2025-10-06 19:34:07,048","level":"INFO ","thread":"SpringApplicationShutdownHook","logger":"com.zaxxer.hikari.HikariDataSource","message":"HikariPool-1 - Shutdown completed.","exception":"","service":"auth-service"}
{"timestamp":"2025-10-06 19:35:34,255","level":"INFO ","thread":"main","logger":"com.renter.auth.AuthServiceApplication","message":"Starting AuthServiceApplication v0.0.1-SNAPSHOT using Java 21 with PID 1 (/app/app.jar started by spring in /app)","exception":"","service":"auth-service"}
{"timestamp":"2025-10-06 19:35:34,260","level":"INFO ","thread":"main","logger":"com.renter.auth.AuthServiceApplication","message":"The following 1 profile is active: \"local\"","exception":"","service":"auth-service"}
{"timestamp":"2025-10-06 19:35:37,154","level":"INFO ","thread":"main","logger":"o.s.d.r.c.RepositoryConfigurationDelegate","message":"Bootstrapping Spring Data JPA repositories in DEFAULT mode.","exception":"","service":"auth-service"}
{"timestamp":"2025-10-06 19:35:37,275","level":"INFO ","thread":"main","logger":"o.s.d.r.c.RepositoryConfigurationDelegate","message":"Finished Spring Data repository scanning in 99 ms. Found 1 JPA repository interface.","exception":"","service":"auth-service"}
{"timestamp":"2025-10-06 19:35:39,131","level":"INFO ","thread":"main","logger":"o.s.b.w.embedded.tomcat.TomcatWebServer","message":"Tomcat initialized with port 8081 (http)","exception":"","service":"auth-service"}
{"timestamp":"2025-10-06 19:35:39,166","level":"INFO ","thread":"main","logger":"o.apache.coyote.http11.Http11NioProtocol","message":"Initializing ProtocolHandler [\"http-nio-8081\"]","exception":"","service":"auth-service"}
{"timestamp":"2025-10-06 19:35:39,172","level":"INFO ","thread":"main","logger":"o.apache.catalina.core.StandardService","message":"Starting service [Tomcat]","exception":"","service":"auth-service"}
{"timestamp":"2025-10-06 19:35:39,173","level":"INFO ","thread":"main","logger":"org.apache.catalina.core.StandardEngine","message":"Starting Servlet engine: [Apache Tomcat/10.1.33]","exception":"","service":"auth-service"}
{"timestamp":"2025-10-06 19:35:39,287","level":"INFO ","thread":"main","logger":"o.a.c.c.C.[Tomcat].[localhost].[/]","message":"Initializing Spring embedded WebApplicationContext","exception":"","service":"auth-service"}
{"timestamp":"2025-10-06 19:35:39,298","level":"INFO ","thread":"main","logger":"o.s.b.w.s.c.ServletWebServerApplicationContext","message":"Root WebApplicationContext: initialization completed in 4876 ms","exception":"","service":"auth-service"}
{"timestamp":"2025-10-06 19:35:40,543","level":"INFO ","thread":"main","logger":"com.zaxxer.hikari.HikariDataSource","message":"HikariPool-1 - Starting...","exception":"","service":"auth-service"}
{"timestamp":"2025-10-06 19:35:41,003","level":"INFO ","thread":"main","logger":"com.zaxxer.hikari.pool.HikariPool","message":"HikariPool-1 - Added connection org.postgresql.jdbc.PgConnection@72a3462f","exception":"","service":"auth-service"}
{"timestamp":"2025-10-06 19:35:41,006","level":"INFO ","thread":"main","logger":"com.zaxxer.hikari.HikariDataSource","message":"HikariPool-1 - Start completed.","exception":"","service":"auth-service"}
{"timestamp":"2025-10-06 19:35:41,081","level":"INFO ","thread":"main","logger":"org.flywaydb.core.FlywayExecutor","message":"Database: jdbc:postgresql://postgres-user:5432/user_db (PostgreSQL 15.14)","exception":"","service":"auth-service"}
{"timestamp":"2025-10-06 19:35:41,205","level":"INFO ","thread":"main","logger":"o.f.core.internal.command.DbValidate","message":"Successfully validated 2 migrations (execution time 00:00.055s)","exception":"","service":"auth-service"}
{"timestamp":"2025-10-06 19:35:41,245","level":"INFO ","thread":"main","logger":"o.f.core.internal.command.DbMigrate","message":"Current version of schema \"public\": 1","exception":"","service":"auth-service"}
{"timestamp":"2025-10-06 19:35:41,257","level":"INFO ","thread":"main","logger":"o.f.core.internal.command.DbMigrate","message":"Schema \"public\" is up to date. No migration necessary.","exception":"","service":"auth-service"}
{"timestamp":"2025-10-06 19:35:41,511","level":"INFO ","thread":"main","logger":"o.hibernate.jpa.internal.util.LogHelper","message":"HHH000204: Processing PersistenceUnitInfo [name: default]","exception":"","service":"auth-service"}
{"timestamp":"2025-10-06 19:35:41,666","level":"INFO ","thread":"main","logger":"org.hibernate.Version","message":"HHH000412: Hibernate ORM core version 6.6.2.Final","exception":"","service":"auth-service"}
{"timestamp":"2025-10-06 19:35:41,750","level":"INFO ","thread":"main","logger":"o.h.c.internal.RegionFactoryInitiator","message":"HHH000026: Second-level cache disabled","exception":"","service":"auth-service"}
{"timestamp":"2025-10-06 19:35:42,440","level":"INFO ","thread":"main","logger":"o.s.o.j.p.SpringPersistenceUnitInfo","message":"No LoadTimeWeaver setup: ignoring JPA class transformer","exception":"","service":"auth-service"}
{"timestamp":"2025-10-06 19:35:42,515","level":"WARN ","thread":"main","logger":"org.hibernate.orm.deprecation","message":"HHH90000025: PostgreSQLDialect does not need to be specified explicitly using 'hibernate.dialect' (remove the property setting and it will be selected by default)","exception":"","service":"auth-service"}
{"timestamp":"2025-10-06 19:35:42,536","level":"INFO ","thread":"main","logger":"org.hibernate.orm.connections.pooling","message":"HHH10001005: Database info:\n	Database JDBC URL [Connecting through datasource 'HikariDataSource (HikariPool-1)']\n	Database driver: undefined/unknown\n	Database version: 15.14\n	Autocommit mode: undefined/unknown\n	Isolation level: undefined/unknown\n	Minimum pool size: undefined/unknown\n	Maximum pool size: undefined/unknown","exception":"","service":"auth-service"}
{"timestamp":"2025-10-06 19:35:43,514","level":"INFO ","thread":"main","logger":"o.h.e.t.j.p.i.JtaPlatformInitiator","message":"HHH000489: No JTA platform available (set 'hibernate.transaction.jta.platform' to enable JTA platform integration)","exception":"","service":"auth-service"}
{"timestamp":"2025-10-06 19:35:43,561","level":"INFO ","thread":"main","logger":"o.s.o.j.LocalContainerEntityManagerFactoryBean","message":"Initialized JPA EntityManagerFactory for persistence unit 'default'","exception":"","service":"auth-service"}
{"timestamp":"2025-10-06 19:35:44,750","level":"WARN ","thread":"main","logger":"o.s.b.a.o.j.JpaBaseConfiguration$JpaWebConfiguration","message":"spring.jpa.open-in-view is enabled by default. Therefore, database queries may be performed during view rendering. Explicitly configure spring.jpa.open-in-view to disable this warning","exception":"","service":"auth-service"}
{"timestamp":"2025-10-06 19:35:45,469","level":"INFO ","thread":"main","logger":"o.s.b.a.e.web.EndpointLinksResolver","message":"Exposing 1 endpoint beneath base path '/actuator'","exception":"","service":"auth-service"}
{"timestamp":"2025-10-06 19:35:46,241","level":"INFO ","thread":"main","logger":"o.apache.coyote.http11.Http11NioProtocol","message":"Starting ProtocolHandler [\"http-nio-8081\"]","exception":"","service":"auth-service"}
{"timestamp":"2025-10-06 19:35:46,263","level":"INFO ","thread":"main","logger":"o.s.b.w.embedded.tomcat.TomcatWebServer","message":"Tomcat started on port 8081 (http) with context path '/'","exception":"","service":"auth-service"}
{"timestamp":"2025-10-06 19:35:46,290","level":"INFO ","thread":"main","logger":"com.renter.auth.AuthServiceApplication","message":"Started AuthServiceApplication in 13.525 seconds (process running for 15.216)","exception":"","service":"auth-service"}
{"timestamp":"2025-10-06 19:36:02,678","level":"INFO ","thread":"http-nio-8081-exec-1","logger":"o.a.c.c.C.[Tomcat].[localhost].[/]","message":"Initializing Spring DispatcherServlet 'dispatcherServlet'","exception":"","service":"auth-service"}
{"timestamp":"2025-10-06 19:36:02,678","level":"INFO ","thread":"http-nio-8081-exec-1","logger":"o.s.web.servlet.DispatcherServlet","message":"Initializing Servlet 'dispatcherServlet'","exception":"","service":"auth-service"}
{"timestamp":"2025-10-06 19:36:02,679","level":"INFO ","thread":"http-nio-8081-exec-1","logger":"o.s.web.servlet.DispatcherServlet","message":"Completed initialization in 1 ms","exception":"","service":"auth-service"}
{"timestamp":"2025-10-07 17:38:25,304","level":"INFO ","thread":"main","logger":"com.renter.auth.AuthServiceApplication","message":"Starting AuthServiceApplication v0.0.1-SNAPSHOT using Java 21 with PID 1 (/app/app.jar started by spring in /app)","exception":"","service":"auth-service"}
{"timestamp":"2025-10-07 17:38:25,305","level":"INFO ","thread":"main","logger":"com.renter.auth.AuthServiceApplication","message":"The following 1 profile is active: \"local\"","exception":"","service":"auth-service"}
{"timestamp":"2025-10-07 17:38:26,627","level":"INFO ","thread":"main","logger":"o.s.d.r.c.RepositoryConfigurationDelegate","message":"Bootstrapping Spring Data JPA repositories in DEFAULT mode.","exception":"","service":"auth-service"}
{"timestamp":"2025-10-07 17:38:26,692","level":"INFO ","thread":"main","logger":"o.s.d.r.c.RepositoryConfigurationDelegate","message":"Finished Spring Data repository scanning in 56 ms. Found 1 JPA repository interface.","exception":"","service":"auth-service"}
{"timestamp":"2025-10-07 17:38:27,636","level":"INFO ","thread":"main","logger":"o.s.b.w.embedded.tomcat.TomcatWebServer","message":"Tomcat initialized with port 8081 (http)","exception":"","service":"auth-service"}
{"timestamp":"2025-10-07 17:38:27,653","level":"INFO ","thread":"main","logger":"o.apache.coyote.http11.Http11NioProtocol","message":"Initializing ProtocolHandler [\"http-nio-8081\"]","exception":"","service":"auth-service"}
{"timestamp":"2025-10-07 17:38:27,657","level":"INFO ","thread":"main","logger":"o.apache.catalina.core.StandardService","message":"Starting service [Tomcat]","exception":"","service":"auth-service"}
{"timestamp":"2025-10-07 17:38:27,657","level":"INFO ","thread":"main","logger":"org.apache.catalina.core.StandardEngine","message":"Starting Servlet engine: [Apache Tomcat/10.1.33]","exception":"","service":"auth-service"}
{"timestamp":"2025-10-07 17:38:27,704","level":"INFO ","thread":"main","logger":"o.a.c.c.C.[Tomcat].[localhost].[/]","message":"Initializing Spring embedded WebApplicationContext","exception":"","service":"auth-service"}
{"timestamp":"2025-10-07 17:38:27,704","level":"INFO ","thread":"main","logger":"o.s.b.w.s.c.ServletWebServerApplicationContext","message":"Root WebApplicationContext: initialization completed in 2350 ms","exception":"","service":"auth-service"}
{"timestamp":"2025-10-07 17:38:28,187","level":"INFO ","thread":"main","logger":"com.zaxxer.hikari.HikariDataSource","message":"HikariPool-1 - Starting...","exception":"","service":"auth-service"}
{"timestamp":"2025-10-07 17:38:28,442","level":"INFO ","thread":"main","logger":"com.zaxxer.hikari.pool.HikariPool","message":"HikariPool-1 - Added connection org.postgresql.jdbc.PgConnection@56b05bd7","exception":"","service":"auth-service"}
{"timestamp":"2025-10-07 17:38:28,444","level":"INFO ","thread":"main","logger":"com.zaxxer.hikari.HikariDataSource","message":"HikariPool-1 - Start completed.","exception":"","service":"auth-service"}
{"timestamp":"2025-10-07 17:38:28,481","level":"INFO ","thread":"main","logger":"org.flywaydb.core.FlywayExecutor","message":"Database: jdbc:postgresql://postgres-user:5432/user_db (PostgreSQL 15.14)","exception":"","service":"auth-service"}
{"timestamp":"2025-10-07 17:38:28,549","level":"INFO ","thread":"main","logger":"o.f.core.internal.command.DbValidate","message":"Successfully validated 2 migrations (execution time 00:00.045s)","exception":"","service":"auth-service"}
{"timestamp":"2025-10-07 17:38:28,615","level":"INFO ","thread":"main","logger":"o.f.core.internal.command.DbMigrate","message":"Current version of schema \"public\": 1","exception":"","service":"auth-service"}
{"timestamp":"2025-10-07 17:38:28,621","level":"INFO ","thread":"main","logger":"o.f.core.internal.command.DbMigrate","message":"Schema \"public\" is up to date. No migration necessary.","exception":"","service":"auth-service"}
{"timestamp":"2025-10-07 17:38:28,715","level":"INFO ","thread":"main","logger":"o.hibernate.jpa.internal.util.LogHelper","message":"HHH000204: Processing PersistenceUnitInfo [name: default]","exception":"","service":"auth-service"}
{"timestamp":"2025-10-07 17:38:28,785","level":"INFO ","thread":"main","logger":"org.hibernate.Version","message":"HHH000412: Hibernate ORM core version 6.6.2.Final","exception":"","service":"auth-service"}
{"timestamp":"2025-10-07 17:38:28,818","level":"INFO ","thread":"main","logger":"o.h.c.internal.RegionFactoryInitiator","message":"HHH000026: Second-level cache disabled","exception":"","service":"auth-service"}
{"timestamp":"2025-10-07 17:38:29,133","level":"INFO ","thread":"main","logger":"o.s.o.j.p.SpringPersistenceUnitInfo","message":"No LoadTimeWeaver setup: ignoring JPA class transformer","exception":"","service":"auth-service"}
{"timestamp":"2025-10-07 17:38:29,215","level":"WARN ","thread":"main","logger":"org.hibernate.orm.deprecation","message":"HHH90000025: PostgreSQLDialect does not need to be specified explicitly using 'hibernate.dialect' (remove the property setting and it will be selected by default)","exception":"","service":"auth-service"}
{"timestamp":"2025-10-07 17:38:29,228","level":"INFO ","thread":"main","logger":"org.hibernate.orm.connections.pooling","message":"HHH10001005: Database info:\n	Database JDBC URL [Connecting through datasource 'HikariDataSource (HikariPool-1)']\n	Database driver: undefined/unknown\n	Database version: 15.14\n	Autocommit mode: undefined/unknown\n	Isolation level: undefined/unknown\n	Minimum pool size: undefined/unknown\n	Maximum pool size: undefined/unknown","exception":"","service":"auth-service"}
{"timestamp":"2025-10-07 17:38:30,006","level":"INFO ","thread":"main","logger":"o.h.e.t.j.p.i.JtaPlatformInitiator","message":"HHH000489: No JTA platform available (set 'hibernate.transaction.jta.platform' to enable JTA platform integration)","exception":"","service":"auth-service"}
{"timestamp":"2025-10-07 17:38:30,062","level":"INFO ","thread":"main","logger":"o.s.o.j.LocalContainerEntityManagerFactoryBean","message":"Initialized JPA EntityManagerFactory for persistence unit 'default'","exception":"","service":"auth-service"}
{"timestamp":"2025-10-07 17:38:30,940","level":"WARN ","thread":"main","logger":"o.s.b.a.o.j.JpaBaseConfiguration$JpaWebConfiguration","message":"spring.jpa.open-in-view is enabled by default. Therefore, database queries may be performed during view rendering. Explicitly configure spring.jpa.open-in-view to disable this warning","exception":"","service":"auth-service"}
{"timestamp":"2025-10-07 17:38:31,457","level":"INFO ","thread":"main","logger":"o.s.b.a.e.web.EndpointLinksResolver","message":"Exposing 1 endpoint beneath base path '/actuator'","exception":"","service":"auth-service"}
{"timestamp":"2025-10-07 17:38:32,151","level":"INFO ","thread":"main","logger":"o.apache.coyote.http11.Http11NioProtocol","message":"Starting ProtocolHandler [\"http-nio-8081\"]","exception":"","service":"auth-service"}
{"timestamp":"2025-10-07 17:38:32,178","level":"INFO ","thread":"main","logger":"o.s.b.w.embedded.tomcat.TomcatWebServer","message":"Tomcat started on port 8081 (http) with context path '/'","exception":"","service":"auth-service"}
{"timestamp":"2025-10-07 17:38:32,202","level":"INFO ","thread":"main","logger":"com.renter.auth.AuthServiceApplication","message":"Started AuthServiceApplication in 7.6 seconds (process running for 8.216)","exception":"","service":"auth-service"}
{"timestamp":"2025-10-07 17:38:43,502","level":"INFO ","thread":"http-nio-8081-exec-1","logger":"o.a.c.c.C.[Tomcat].[localhost].[/]","message":"Initializing Spring DispatcherServlet 'dispatcherServlet'","exception":"","service":"auth-service"}
{"timestamp":"2025-10-07 17:38:43,502","level":"INFO ","thread":"http-nio-8081-exec-1","logger":"o.s.web.servlet.DispatcherServlet","message":"Initializing Servlet 'dispatcherServlet'","exception":"","service":"auth-service"}
{"timestamp":"2025-10-07 17:38:43,503","level":"INFO ","thread":"http-nio-8081-exec-1","logger":"o.s.web.servlet.DispatcherServlet","message":"Completed initialization in 1 ms","exception":"","service":"auth-service"}
{"timestamp":"2025-10-07 17:40:08,108","level":"INFO ","thread":"SpringApplicationShutdownHook","logger":"o.s.b.w.embedded.tomcat.GracefulShutdown","message":"Commencing graceful shutdown. Waiting for active requests to complete","exception":"","service":"auth-service"}
{"timestamp":"2025-10-07 17:40:08,112","level":"INFO ","thread":"tomcat-shutdown","logger":"o.s.b.w.embedded.tomcat.GracefulShutdown","message":"Graceful shutdown complete","exception":"","service":"auth-service"}
{"timestamp":"2025-10-07 17:40:08,122","level":"INFO ","thread":"SpringApplicationShutdownHook","logger":"o.s.o.j.LocalContainerEntityManagerFactoryBean","message":"Closing JPA EntityManagerFactory for persistence unit 'default'","exception":"","service":"auth-service"}
{"timestamp":"2025-10-07 17:40:08,126","level":"INFO ","thread":"SpringApplicationShutdownHook","logger":"com.zaxxer.hikari.HikariDataSource","message":"HikariPool-1 - Shutdown initiated...","exception":"","service":"auth-service"}
{"timestamp":"2025-10-07 17:40:08,141","level":"INFO ","thread":"SpringApplicationShutdownHook","logger":"com.zaxxer.hikari.HikariDataSource","message":"HikariPool-1 - Shutdown completed.","exception":"","service":"auth-service"}
{"timestamp":"2025-10-07 17:40:57,116","level":"INFO ","thread":"main","logger":"com.renter.auth.AuthServiceApplication","message":"Starting AuthServiceApplication v0.0.1-SNAPSHOT using Java 21 with PID 1 (/app/app.jar started by spring in /app)","exception":"","service":"auth-service"}
{"timestamp":"2025-10-07 17:40:57,119","level":"INFO ","thread":"main","logger":"com.renter.auth.AuthServiceApplication","message":"The following 1 profile is active: \"local\"","exception":"","service":"auth-service"}
{"timestamp":"2025-10-07 17:41:00,837","level":"INFO ","thread":"main","logger":"o.s.d.r.c.RepositoryConfigurationDelegate","message":"Bootstrapping Spring Data JPA repositories in DEFAULT mode.","exception":"","service":"auth-service"}
{"timestamp":"2025-10-07 17:41:01,001","level":"INFO ","thread":"main","logger":"o.s.d.r.c.RepositoryConfigurationDelegate","message":"Finished Spring Data repository scanning in 135 ms. Found 1 JPA repository interface.","exception":"","service":"auth-service"}
{"timestamp":"2025-10-07 17:41:03,357","level":"INFO ","thread":"main","logger":"o.s.b.w.embedded.tomcat.TomcatWebServer","message":"Tomcat initialized with port 8081 (http)","exception":"","service":"auth-service"}
{"timestamp":"2025-10-07 17:41:03,393","level":"INFO ","thread":"main","logger":"o.apache.coyote.http11.Http11NioProtocol","message":"Initializing ProtocolHandler [\"http-nio-8081\"]","exception":"","service":"auth-service"}
{"timestamp":"2025-10-07 17:41:03,401","level":"INFO ","thread":"main","logger":"o.apache.catalina.core.StandardService","message":"Starting service [Tomcat]","exception":"","service":"auth-service"}
{"timestamp":"2025-10-07 17:41:03,402","level":"INFO ","thread":"main","logger":"org.apache.catalina.core.StandardEngine","message":"Starting Servlet engine: [Apache Tomcat/10.1.33]","exception":"","service":"auth-service"}
{"timestamp":"2025-10-07 17:41:03,521","level":"INFO ","thread":"main","logger":"o.a.c.c.C.[Tomcat].[localhost].[/]","message":"Initializing Spring embedded WebApplicationContext","exception":"","service":"auth-service"}
{"timestamp":"2025-10-07 17:41:03,522","level":"INFO ","thread":"main","logger":"o.s.b.w.s.c.ServletWebServerApplicationContext","message":"Root WebApplicationContext: initialization completed in 6238 ms","exception":"","service":"auth-service"}
{"timestamp":"2025-10-07 17:41:05,163","level":"INFO ","thread":"main","logger":"com.zaxxer.hikari.HikariDataSource","message":"HikariPool-1 - Starting...","exception":"","service":"auth-service"}
{"timestamp":"2025-10-07 17:41:05,670","level":"INFO ","thread":"main","logger":"com.zaxxer.hikari.pool.HikariPool","message":"HikariPool-1 - Added connection org.postgresql.jdbc.PgConnection@2f99d8c","exception":"","service":"auth-service"}
{"timestamp":"2025-10-07 17:41:05,681","level":"INFO ","thread":"main","logger":"com.zaxxer.hikari.HikariDataSource","message":"HikariPool-1 - Start completed.","exception":"","service":"auth-service"}
{"timestamp":"2025-10-07 17:41:05,777","level":"INFO ","thread":"main","logger":"org.flywaydb.core.FlywayExecutor","message":"Database: jdbc:postgresql://postgres-user:5432/user_db (PostgreSQL 15.14)","exception":"","service":"auth-service"}
{"timestamp":"2025-10-07 17:41:05,906","level":"INFO ","thread":"main","logger":"o.f.core.internal.command.DbValidate","message":"Successfully validated 2 migrations (execution time 00:00.073s)","exception":"","service":"auth-service"}
{"timestamp":"2025-10-07 17:41:05,930","level":"INFO ","thread":"main","logger":"o.f.core.internal.command.DbMigrate","message":"Current version of schema \"public\": 1","exception":"","service":"auth-service"}
{"timestamp":"2025-10-07 17:41:05,937","level":"INFO ","thread":"main","logger":"o.f.core.internal.command.DbMigrate","message":"Schema \"public\" is up to date. No migration necessary.","exception":"","service":"auth-service"}
{"timestamp":"2025-10-07 17:41:06,233","level":"INFO ","thread":"main","logger":"o.hibernate.jpa.internal.util.LogHelper","message":"HHH000204: Processing PersistenceUnitInfo [name: default]","exception":"","service":"auth-service"}
{"timestamp":"2025-10-07 17:41:06,373","level":"INFO ","thread":"main","logger":"org.hibernate.Version","message":"HHH000412: Hibernate ORM core version 6.6.2.Final","exception":"","service":"auth-service"}
{"timestamp":"2025-10-07 17:41:06,447","level":"INFO ","thread":"main","logger":"o.h.c.internal.RegionFactoryInitiator","message":"HHH000026: Second-level cache disabled","exception":"","service":"auth-service"}
{"timestamp":"2025-10-07 17:41:07,139","level":"INFO ","thread":"main","logger":"o.s.o.j.p.SpringPersistenceUnitInfo","message":"No LoadTimeWeaver setup: ignoring JPA class transformer","exception":"","service":"auth-service"}
{"timestamp":"2025-10-07 17:41:07,222","level":"WARN ","thread":"main","logger":"org.hibernate.orm.deprecation","message":"HHH90000025: PostgreSQLDialect does not need to be specified explicitly using 'hibernate.dialect' (remove the property setting and it will be selected by default)","exception":"","service":"auth-service"}
{"timestamp":"2025-10-07 17:41:07,236","level":"INFO ","thread":"main","logger":"org.hibernate.orm.connections.pooling","message":"HHH10001005: Database info:\n	Database JDBC URL [Connecting through datasource 'HikariDataSource (HikariPool-1)']\n	Database driver: undefined/unknown\n	Database version: 15.14\n	Autocommit mode: undefined/unknown\n	Isolation level: undefined/unknown\n	Minimum pool size: undefined/unknown\n	Maximum pool size: undefined/unknown","exception":"","service":"auth-service"}
{"timestamp":"2025-10-07 17:41:08,999","level":"INFO ","thread":"main","logger":"o.h.e.t.j.p.i.JtaPlatformInitiator","message":"HHH000489: No JTA platform available (set 'hibernate.transaction.jta.platform' to enable JTA platform integration)","exception":"","service":"auth-service"}
{"timestamp":"2025-10-07 17:41:09,081","level":"INFO ","thread":"main","logger":"o.s.o.j.LocalContainerEntityManagerFactoryBean","message":"Initialized JPA EntityManagerFactory for persistence unit 'default'","exception":"","service":"auth-service"}
{"timestamp":"2025-10-07 17:41:10,481","level":"WARN ","thread":"main","logger":"o.s.b.a.o.j.JpaBaseConfiguration$JpaWebConfiguration","message":"spring.jpa.open-in-view is enabled by default. Therefore, database queries may be performed during view rendering. Explicitly configure spring.jpa.open-in-view to disable this warning","exception":"","service":"auth-service"}
{"timestamp":"2025-10-07 17:41:11,466","level":"INFO ","thread":"main","logger":"o.s.b.a.e.web.EndpointLinksResolver","message":"Exposing 1 endpoint beneath base path '/actuator'","exception":"","service":"auth-service"}
{"timestamp":"2025-10-07 17:41:12,452","level":"INFO ","thread":"main","logger":"o.apache.coyote.http11.Http11NioProtocol","message":"Starting ProtocolHandler [\"http-nio-8081\"]","exception":"","service":"auth-service"}
{"timestamp":"2025-10-07 17:41:12,517","level":"INFO ","thread":"main","logger":"o.s.b.w.embedded.tomcat.TomcatWebServer","message":"Tomcat started on port 8081 (http) with context path '/'","exception":"","service":"auth-service"}
{"timestamp":"2025-10-07 17:41:12,531","level":"INFO ","thread":"main","logger":"com.renter.auth.AuthServiceApplication","message":"Started AuthServiceApplication in 16.997 seconds (process running for 18.794)","exception":"","service":"auth-service"}
{"timestamp":"2025-10-07 17:41:40,426","level":"INFO ","thread":"http-nio-8081-exec-2","logger":"o.a.c.c.C.[Tomcat].[localhost].[/]","message":"Initializing Spring DispatcherServlet 'dispatcherServlet'","exception":"","service":"auth-service"}
{"timestamp":"2025-10-07 17:41:40,426","level":"INFO ","thread":"http-nio-8081-exec-2","logger":"o.s.web.servlet.DispatcherServlet","message":"Initializing Servlet 'dispatcherServlet'","exception":"","service":"auth-service"}
{"timestamp":"2025-10-07 17:41:40,427","level":"INFO ","thread":"http-nio-8081-exec-2","logger":"o.s.web.servlet.DispatcherServlet","message":"Completed initialization in 1 ms","exception":"","service":"auth-service"}
{"timestamp":"2025-10-07 18:05:32,006","level":"INFO ","thread":"SpringApplicationShutdownHook","logger":"o.s.b.w.embedded.tomcat.GracefulShutdown","message":"Commencing graceful shutdown. Waiting for active requests to complete","exception":"","service":"auth-service"}
{"timestamp":"2025-10-07 18:05:32,015","level":"INFO ","thread":"tomcat-shutdown","logger":"o.s.b.w.embedded.tomcat.GracefulShutdown","message":"Graceful shutdown complete","exception":"","service":"auth-service"}
{"timestamp":"2025-10-07 18:05:32,038","level":"INFO ","thread":"SpringApplicationShutdownHook","logger":"o.s.o.j.LocalContainerEntityManagerFactoryBean","message":"Closing JPA EntityManagerFactory for persistence unit 'default'","exception":"","service":"auth-service"}
{"timestamp":"2025-10-07 18:05:32,043","level":"INFO ","thread":"SpringApplicationShutdownHook","logger":"com.zaxxer.hikari.HikariDataSource","message":"HikariPool-1 - Shutdown initiated...","exception":"","service":"auth-service"}
{"timestamp":"2025-10-07 18:05:32,059","level":"INFO ","thread":"SpringApplicationShutdownHook","logger":"com.zaxxer.hikari.HikariDataSource","message":"HikariPool-1 - Shutdown completed.","exception":"","service":"auth-service"}
{"timestamp":"2025-10-07 18:06:15,364","level":"INFO ","thread":"main","logger":"com.renter.auth.AuthServiceApplication","message":"Starting AuthServiceApplication v0.0.1-SNAPSHOT using Java 21 with PID 1 (/app/app.jar started by spring in /app)","exception":"","service":"auth-service"}
{"timestamp":"2025-10-07 18:06:15,369","level":"INFO ","thread":"main","logger":"com.renter.auth.AuthServiceApplication","message":"The following 1 profile is active: \"local\"","exception":"","service":"auth-service"}
{"timestamp":"2025-10-07 18:06:18,275","level":"INFO ","thread":"main","logger":"o.s.d.r.c.RepositoryConfigurationDelegate","message":"Bootstrapping Spring Data JPA repositories in DEFAULT mode.","exception":"","service":"auth-service"}
{"timestamp":"2025-10-07 18:06:18,382","level":"INFO ","thread":"main","logger":"o.s.d.r.c.RepositoryConfigurationDelegate","message":"Finished Spring Data repository scanning in 90 ms. Found 1 JPA repository interface.","exception":"","service":"auth-service"}
{"timestamp":"2025-10-07 18:06:20,078","level":"INFO ","thread":"main","logger":"o.s.b.w.embedded.tomcat.TomcatWebServer","message":"Tomcat initialized with port 8081 (http)","exception":"","service":"auth-service"}
{"timestamp":"2025-10-07 18:06:20,103","level":"INFO ","thread":"main","logger":"o.apache.coyote.http11.Http11NioProtocol","message":"Initializing ProtocolHandler [\"http-nio-8081\"]","exception":"","service":"auth-service"}
{"timestamp":"2025-10-07 18:06:20,107","level":"INFO ","thread":"main","logger":"o.apache.catalina.core.StandardService","message":"Starting service [Tomcat]","exception":"","service":"auth-service"}
{"timestamp":"2025-10-07 18:06:20,108","level":"INFO ","thread":"main","logger":"org.apache.catalina.core.StandardEngine","message":"Starting Servlet engine: [Apache Tomcat/10.1.33]","exception":"","service":"auth-service"}
{"timestamp":"2025-10-07 18:06:20,201","level":"INFO ","thread":"main","logger":"o.a.c.c.C.[Tomcat].[localhost].[/]","message":"Initializing Spring embedded WebApplicationContext","exception":"","service":"auth-service"}
{"timestamp":"2025-10-07 18:06:20,202","level":"INFO ","thread":"main","logger":"o.s.b.w.s.c.ServletWebServerApplicationContext","message":"Root WebApplicationContext: initialization completed in 4703 ms","exception":"","service":"auth-service"}
{"timestamp":"2025-10-07 18:06:21,363","level":"INFO ","thread":"main","logger":"com.zaxxer.hikari.HikariDataSource","message":"HikariPool-1 - Starting...","exception":"","service":"auth-service"}
{"timestamp":"2025-10-07 18:06:21,781","level":"INFO ","thread":"main","logger":"com.zaxxer.hikari.pool.HikariPool","message":"HikariPool-1 - Added connection org.postgresql.jdbc.PgConnection@18db3b3c","exception":"","service":"auth-service"}
{"timestamp":"2025-10-07 18:06:21,784","level":"INFO ","thread":"main","logger":"com.zaxxer.hikari.HikariDataSource","message":"HikariPool-1 - Start completed.","exception":"","service":"auth-service"}
{"timestamp":"2025-10-07 18:06:21,835","level":"INFO ","thread":"main","logger":"org.flywaydb.core.FlywayExecutor","message":"Database: jdbc:postgresql://postgres-user:5432/user_db (PostgreSQL 15.14)","exception":"","service":"auth-service"}
{"timestamp":"2025-10-07 18:06:21,934","level":"INFO ","thread":"main","logger":"o.f.core.internal.command.DbValidate","message":"Successfully validated 2 migrations (execution time 00:00.059s)","exception":"","service":"auth-service"}
{"timestamp":"2025-10-07 18:06:21,962","level":"INFO ","thread":"main","logger":"o.f.core.internal.command.DbMigrate","message":"Current version of schema \"public\": 1","exception":"","service":"auth-service"}
{"timestamp":"2025-10-07 18:06:21,967","level":"INFO ","thread":"main","logger":"o.f.core.internal.command.DbMigrate","message":"Schema \"public\" is up to date. No migration necessary.","exception":"","service":"auth-service"}
{"timestamp":"2025-10-07 18:06:22,270","level":"INFO ","thread":"main","logger":"o.hibernate.jpa.internal.util.LogHelper","message":"HHH000204: Processing PersistenceUnitInfo [name: default]","exception":"","service":"auth-service"}
{"timestamp":"2025-10-07 18:06:22,407","level":"INFO ","thread":"main","logger":"org.hibernate.Version","message":"HHH000412: Hibernate ORM core version 6.6.2.Final","exception":"","service":"auth-service"}
{"timestamp":"2025-10-07 18:06:22,485","level":"INFO ","thread":"main","logger":"o.h.c.internal.RegionFactoryInitiator","message":"HHH000026: Second-level cache disabled","exception":"","service":"auth-service"}
{"timestamp":"2025-10-07 18:06:23,090","level":"INFO ","thread":"main","logger":"o.s.o.j.p.SpringPersistenceUnitInfo","message":"No LoadTimeWeaver setup: ignoring JPA class transformer","exception":"","service":"auth-service"}
{"timestamp":"2025-10-07 18:06:23,179","level":"WARN ","thread":"main","logger":"org.hibernate.orm.deprecation","message":"HHH90000025: PostgreSQLDialect does not need to be specified explicitly using 'hibernate.dialect' (remove the property setting and it will be selected by default)","exception":"","service":"auth-service"}
{"timestamp":"2025-10-07 18:06:23,202","level":"INFO ","thread":"main","logger":"org.hibernate.orm.connections.pooling","message":"HHH10001005: Database info:\n	Database JDBC URL [Connecting through datasource 'HikariDataSource (HikariPool-1)']\n	Database driver: undefined/unknown\n	Database version: 15.14\n	Autocommit mode: undefined/unknown\n	Isolation level: undefined/unknown\n	Minimum pool size: undefined/unknown\n	Maximum pool size: undefined/unknown","exception":"","service":"auth-service"}
{"timestamp":"2025-10-07 18:06:24,131","level":"INFO ","thread":"main","logger":"o.h.e.t.j.p.i.JtaPlatformInitiator","message":"HHH000489: No JTA platform available (set 'hibernate.transaction.jta.platform' to enable JTA platform integration)","exception":"","service":"auth-service"}
{"timestamp":"2025-10-07 18:06:24,181","level":"INFO ","thread":"main","logger":"o.s.o.j.LocalContainerEntityManagerFactoryBean","message":"Initialized JPA EntityManagerFactory for persistence unit 'default'","exception":"","service":"auth-service"}
{"timestamp":"2025-10-07 18:06:25,347","level":"WARN ","thread":"main","logger":"o.s.b.a.o.j.JpaBaseConfiguration$JpaWebConfiguration","message":"spring.jpa.open-in-view is enabled by default. Therefore, database queries may be performed during view rendering. Explicitly configure spring.jpa.open-in-view to disable this warning","exception":"","service":"auth-service"}
{"timestamp":"2025-10-07 18:06:25,905","level":"INFO ","thread":"main","logger":"o.s.b.a.e.web.EndpointLinksResolver","message":"Exposing 1 endpoint beneath base path '/actuator'","exception":"","service":"auth-service"}
{"timestamp":"2025-10-07 18:06:26,762","level":"INFO ","thread":"main","logger":"o.apache.coyote.http11.Http11NioProtocol","message":"Starting ProtocolHandler [\"http-nio-8081\"]","exception":"","service":"auth-service"}
{"timestamp":"2025-10-07 18:06:26,776","level":"INFO ","thread":"main","logger":"o.s.b.w.embedded.tomcat.TomcatWebServer","message":"Tomcat started on port 8081 (http) with context path '/'","exception":"","service":"auth-service"}
{"timestamp":"2025-10-07 18:06:26,792","level":"INFO ","thread":"main","logger":"com.renter.auth.AuthServiceApplication","message":"Started AuthServiceApplication in 12.729 seconds (process running for 14.413)","exception":"","service":"auth-service"}
{"timestamp":"2025-10-07 18:06:34,543","level":"INFO ","thread":"http-nio-8081-exec-1","logger":"o.a.c.c.C.[Tomcat].[localhost].[/]","message":"Initializing Spring DispatcherServlet 'dispatcherServlet'","exception":"","service":"auth-service"}
{"timestamp":"2025-10-07 18:06:34,543","level":"INFO ","thread":"http-nio-8081-exec-1","logger":"o.s.web.servlet.DispatcherServlet","message":"Initializing Servlet 'dispatcherServlet'","exception":"","service":"auth-service"}
{"timestamp":"2025-10-07 18:06:34,545","level":"INFO ","thread":"http-nio-8081-exec-1","logger":"o.s.web.servlet.DispatcherServlet","message":"Completed initialization in 2 ms","exception":"","service":"auth-service"}
