{"timestamp":"2025-09-27 11:39:30,015","level":"INFO ","thread":"main","logger":"com.renter.auth.AuthServiceApplication","message":"Starting AuthServiceApplication v0.0.1-SNAPSHOT using Java 21 with PID 1 (/app/app.jar started by spring in /app)","exception":"","service":"auth-service"}
{"timestamp":"2025-09-27 11:39:30,025","level":"INFO ","thread":"main","logger":"com.renter.auth.AuthServiceApplication","message":"The following 1 profile is active: \"local\"","exception":"","service":"auth-service"}
{"timestamp":"2025-09-27 11:39:32,829","level":"INFO ","thread":"main","logger":"o.s.d.r.c.RepositoryConfigurationDelegate","message":"Bootstrapping Spring Data JPA repositories in DEFAULT mode.","exception":"","service":"auth-service"}
{"timestamp":"2025-09-27 11:39:33,018","level":"INFO ","thread":"main","logger":"o.s.d.r.c.RepositoryConfigurationDelegate","message":"Finished Spring Data repository scanning in 161 ms. Found 1 JPA repository interface.","exception":"","service":"auth-service"}
{"timestamp":"2025-09-27 11:39:35,337","level":"INFO ","thread":"main","logger":"o.s.b.w.embedded.tomcat.TomcatWebServer","message":"Tomcat initialized with port 8081 (http)","exception":"","service":"auth-service"}
{"timestamp":"2025-09-27 11:39:35,368","level":"INFO ","thread":"main","logger":"o.apache.coyote.http11.Http11NioProtocol","message":"Initializing ProtocolHandler [\"http-nio-8081\"]","exception":"","service":"auth-service"}
{"timestamp":"2025-09-27 11:39:35,374","level":"INFO ","thread":"main","logger":"o.apache.catalina.core.StandardService","message":"Starting service [Tomcat]","exception":"","service":"auth-service"}
{"timestamp":"2025-09-27 11:39:35,375","level":"INFO ","thread":"main","logger":"org.apache.catalina.core.StandardEngine","message":"Starting Servlet engine: [Apache Tomcat/10.1.33]","exception":"","service":"auth-service"}
{"timestamp":"2025-09-27 11:39:35,478","level":"INFO ","thread":"main","logger":"o.a.c.c.C.[Tomcat].[localhost].[/]","message":"Initializing Spring embedded WebApplicationContext","exception":"","service":"auth-service"}
{"timestamp":"2025-09-27 11:39:35,480","level":"INFO ","thread":"main","logger":"o.s.b.w.s.c.ServletWebServerApplicationContext","message":"Root WebApplicationContext: initialization completed in 5294 ms","exception":"","service":"auth-service"}
{"timestamp":"2025-09-27 11:39:37,040","level":"INFO ","thread":"main","logger":"com.zaxxer.hikari.HikariDataSource","message":"HikariPool-1 - Starting...","exception":"","service":"auth-service"}
{"timestamp":"2025-09-27 11:39:37,700","level":"INFO ","thread":"main","logger":"com.zaxxer.hikari.pool.HikariPool","message":"HikariPool-1 - Added connection org.postgresql.jdbc.PgConnection@36525ab","exception":"","service":"auth-service"}
{"timestamp":"2025-09-27 11:39:37,704","level":"INFO ","thread":"main","logger":"com.zaxxer.hikari.HikariDataSource","message":"HikariPool-1 - Start completed.","exception":"","service":"auth-service"}
{"timestamp":"2025-09-27 11:39:37,803","level":"INFO ","thread":"main","logger":"org.flywaydb.core.FlywayExecutor","message":"Database: jdbc:postgresql://postgres-user:5432/user_db (PostgreSQL 15.14)","exception":"","service":"auth-service"}
{"timestamp":"2025-09-27 11:39:38,020","level":"INFO ","thread":"main","logger":"o.f.core.internal.command.DbValidate","message":"Successfully validated 2 migrations (execution time 00:00.123s)","exception":"","service":"auth-service"}
{"timestamp":"2025-09-27 11:39:38,059","level":"INFO ","thread":"main","logger":"o.f.core.internal.command.DbMigrate","message":"Current version of schema \"public\": 1","exception":"","service":"auth-service"}
{"timestamp":"2025-09-27 11:39:38,066","level":"INFO ","thread":"main","logger":"o.f.core.internal.command.DbMigrate","message":"Schema \"public\" is up to date. No migration necessary.","exception":"","service":"auth-service"}
{"timestamp":"2025-09-27 11:39:38,375","level":"INFO ","thread":"main","logger":"o.hibernate.jpa.internal.util.LogHelper","message":"HHH000204: Processing PersistenceUnitInfo [name: default]","exception":"","service":"auth-service"}
{"timestamp":"2025-09-27 11:39:38,664","level":"INFO ","thread":"main","logger":"org.hibernate.Version","message":"HHH000412: Hibernate ORM core version 6.6.2.Final","exception":"","service":"auth-service"}
{"timestamp":"2025-09-27 11:39:38,788","level":"INFO ","thread":"main","logger":"o.h.c.internal.RegionFactoryInitiator","message":"HHH000026: Second-level cache disabled","exception":"","service":"auth-service"}
{"timestamp":"2025-09-27 11:39:39,379","level":"INFO ","thread":"main","logger":"o.s.o.j.p.SpringPersistenceUnitInfo","message":"No LoadTimeWeaver setup: ignoring JPA class transformer","exception":"","service":"auth-service"}
{"timestamp":"2025-09-27 11:39:39,489","level":"WARN ","thread":"main","logger":"org.hibernate.orm.deprecation","message":"HHH90000025: PostgreSQLDialect does not need to be specified explicitly using 'hibernate.dialect' (remove the property setting and it will be selected by default)","exception":"","service":"auth-service"}
{"timestamp":"2025-09-27 11:39:39,517","level":"INFO ","thread":"main","logger":"org.hibernate.orm.connections.pooling","message":"HHH10001005: Database info:\n	Database JDBC URL [Connecting through datasource 'HikariDataSource (HikariPool-1)']\n	Database driver: undefined/unknown\n	Database version: 15.14\n	Autocommit mode: undefined/unknown\n	Isolation level: undefined/unknown\n	Minimum pool size: undefined/unknown\n	Maximum pool size: undefined/unknown","exception":"","service":"auth-service"}
{"timestamp":"2025-09-27 11:39:40,662","level":"INFO ","thread":"main","logger":"o.h.e.t.j.p.i.JtaPlatformInitiator","message":"HHH000489: No JTA platform available (set 'hibernate.transaction.jta.platform' to enable JTA platform integration)","exception":"","service":"auth-service"}
{"timestamp":"2025-09-27 11:39:40,725","level":"INFO ","thread":"main","logger":"o.s.o.j.LocalContainerEntityManagerFactoryBean","message":"Initialized JPA EntityManagerFactory for persistence unit 'default'","exception":"","service":"auth-service"}
{"timestamp":"2025-09-27 11:39:41,969","level":"WARN ","thread":"main","logger":"o.s.b.a.o.j.JpaBaseConfiguration$JpaWebConfiguration","message":"spring.jpa.open-in-view is enabled by default. Therefore, database queries may be performed during view rendering. Explicitly configure spring.jpa.open-in-view to disable this warning","exception":"","service":"auth-service"}
{"timestamp":"2025-09-27 11:39:43,056","level":"INFO ","thread":"main","logger":"o.s.b.a.e.web.EndpointLinksResolver","message":"Exposing 1 endpoint beneath base path '/actuator'","exception":"","service":"auth-service"}
{"timestamp":"2025-09-27 11:39:43,171","level":"INFO ","thread":"main","logger":"o.apache.coyote.http11.Http11NioProtocol","message":"Starting ProtocolHandler [\"http-nio-8081\"]","exception":"","service":"auth-service"}
{"timestamp":"2025-09-27 11:39:43,192","level":"INFO ","thread":"main","logger":"o.s.b.w.embedded.tomcat.TomcatWebServer","message":"Tomcat started on port 8081 (http) with context path '/'","exception":"","service":"auth-service"}
{"timestamp":"2025-09-27 11:39:43,219","level":"INFO ","thread":"main","logger":"com.renter.auth.AuthServiceApplication","message":"Started AuthServiceApplication in 14.738 seconds (process running for 16.093)","exception":"","service":"auth-service"}
{"timestamp":"2025-09-27 11:39:50,119","level":"INFO ","thread":"http-nio-8081-exec-1","logger":"o.a.c.c.C.[Tomcat].[localhost].[/]","message":"Initializing Spring DispatcherServlet 'dispatcherServlet'","exception":"","service":"auth-service"}
{"timestamp":"2025-09-27 11:39:50,120","level":"INFO ","thread":"http-nio-8081-exec-1","logger":"o.s.web.servlet.DispatcherServlet","message":"Initializing Servlet 'dispatcherServlet'","exception":"","service":"auth-service"}
{"timestamp":"2025-09-27 11:39:50,123","level":"INFO ","thread":"http-nio-8081-exec-1","logger":"o.s.web.servlet.DispatcherServlet","message":"Completed initialization in 3 ms","exception":"","service":"auth-service"}
{"timestamp":"2025-09-27 11:39:50,235","level":"INFO ","thread":"http-nio-8081-exec-1","logger":"c.renter.auth.controller.AuthController","message":"Registration attempt for email: new2@example.com","exception":"","service":"auth-service"}
{"timestamp":"2025-09-27 11:39:52,061","level":"ERROR","thread":"http-nio-8081-exec-1","logger":"c.renter.auth.controller.AuthController","message":"Registration failed for email: new2@example.com - Error: Error creating user: Failed to create user. Status: 409","exception":"","service":"auth-service"}
{"timestamp":"2025-09-27 11:39:54,808","level":"INFO ","thread":"http-nio-8081-exec-4","logger":"c.renter.auth.controller.AuthController","message":"Registration attempt for email: new2@example.com","exception":"","service":"auth-service"}
{"timestamp":"2025-09-27 11:39:54,846","level":"ERROR","thread":"http-nio-8081-exec-4","logger":"c.renter.auth.controller.AuthController","message":"Registration failed for email: new2@example.com - Error: Error creating user: Failed to create user. Status: 409","exception":"","service":"auth-service"}
{"timestamp":"2025-09-27 11:40:39,261","level":"INFO ","thread":"http-nio-8081-exec-6","logger":"c.renter.auth.controller.AuthController","message":"Registration attempt for email: new2@example.com","exception":"","service":"auth-service"}
{"timestamp":"2025-09-27 11:40:39,297","level":"ERROR","thread":"http-nio-8081-exec-6","logger":"c.renter.auth.controller.AuthController","message":"Registration failed for email: new2@example.com - Error: Error creating user: Failed to create user. Status: 409","exception":"","service":"auth-service"}
{"timestamp":"2025-09-27 11:40:40,900","level":"INFO ","thread":"http-nio-8081-exec-8","logger":"c.renter.auth.controller.AuthController","message":"Registration attempt for email: new2@example.com","exception":"","service":"auth-service"}
{"timestamp":"2025-09-27 11:40:40,932","level":"ERROR","thread":"http-nio-8081-exec-8","logger":"c.renter.auth.controller.AuthController","message":"Registration failed for email: new2@example.com - Error: Error creating user: Failed to create user. Status: 409","exception":"","service":"auth-service"}
{"timestamp":"2025-09-27 11:40:54,977","level":"INFO ","thread":"http-nio-8081-exec-10","logger":"c.renter.auth.controller.AuthController","message":"Registration attempt for email: new3@example.com","exception":"","service":"auth-service"}
{"timestamp":"2025-09-27 11:40:55,419","level":"INFO ","thread":"http-nio-8081-exec-10","logger":"c.renter.auth.controller.AuthController","message":"Registration successful for email: new3@example.com with userId: 28ea15e1-d5ca-45a3-b525-080dd644626a","exception":"","service":"auth-service"}
